{"/home/travis/build/npmtest/node-npmtest-angular-route/test.js":{"path":"/home/travis/build/npmtest/node-npmtest-angular-route/test.js","s":{"1":2,"2":2,"3":2,"4":2,"5":2,"6":2,"7":2,"8":1,"9":2,"10":2,"11":1,"12":1,"13":1,"14":1,"15":2,"16":2,"17":2,"18":2,"19":1,"20":1,"21":2,"22":2,"23":2,"24":1,"25":1,"26":1,"27":1,"28":1,"29":1,"30":1,"31":1,"32":1,"33":1,"34":1,"35":1,"36":1,"37":1,"38":1,"39":2,"40":2,"41":1,"42":2,"43":2,"44":1,"45":2,"46":2,"47":1,"48":2,"49":2,"50":1,"51":1,"52":1,"53":1,"54":1},"b":{"1":[2,1,1,1],"2":[1,1,1,1],"3":[1,1],"4":[1,1],"5":[1,1],"6":[1,1],"7":[1,1],"8":[1,1],"9":[1,1],"10":[1,1,1],"11":[1,1],"12":[1,1],"13":[1,1],"14":[1,1],"15":[1,1],"16":[1,1],"17":[1,1]},"f":{"1":2,"2":2,"3":2,"4":2,"5":2,"6":1,"7":1,"8":1,"9":2,"10":2,"11":2,"12":2,"13":1},"fnMap":{"1":{"name":"(anonymous_1)","line":12,"loc":{"start":{"line":12,"column":1},"end":{"line":12,"column":13}}},"2":{"name":"(anonymous_2)","line":19,"loc":{"start":{"line":19,"column":5},"end":{"line":19,"column":17}}},"3":{"name":"(anonymous_3)","line":23,"loc":{"start":{"line":23,"column":24},"end":{"line":23,"column":36}}},"4":{"name":"(anonymous_4)","line":61,"loc":{"start":{"line":61,"column":5},"end":{"line":61,"column":17}}},"5":{"name":"(anonymous_5)","line":82,"loc":{"start":{"line":82,"column":5},"end":{"line":82,"column":17}}},"6":{"name":"(anonymous_6)","line":91,"loc":{"start":{"line":91,"column":77},"end":{"line":94,"column":10}}},"7":{"name":"(anonymous_7)","line":112,"loc":{"start":{"line":112,"column":83},"end":{"line":115,"column":10}},"skip":true},"8":{"name":"(anonymous_8)","line":123,"loc":{"start":{"line":123,"column":77},"end":{"line":126,"column":10}},"skip":true},"9":{"name":"(anonymous_9)","line":139,"loc":{"start":{"line":139,"column":12},"end":{"line":139,"column":40}},"skip":true},"10":{"name":"(anonymous_10)","line":147,"loc":{"start":{"line":147,"column":77},"end":{"line":150,"column":10}},"skip":true},"11":{"name":"(anonymous_11)","line":158,"loc":{"start":{"line":158,"column":83},"end":{"line":161,"column":10}},"skip":true},"12":{"name":"(anonymous_12)","line":169,"loc":{"start":{"line":169,"column":79},"end":{"line":172,"column":10}},"skip":true},"13":{"name":"(anonymous_13)","line":180,"loc":{"start":{"line":180,"column":75},"end":{"line":183,"column":10}},"skip":true}},"statementMap":{"1":{"start":{"line":12,"column":0},"end":{"line":195,"column":5}},"2":{"start":{"line":14,"column":4},"end":{"line":14,"column":14}},"3":{"start":{"line":19,"column":4},"end":{"line":56,"column":9}},"4":{"start":{"line":21,"column":8},"end":{"line":21,"column":19}},"5":{"start":{"line":23,"column":8},"end":{"line":35,"column":13}},"6":{"start":{"line":24,"column":12},"end":{"line":34,"column":13}},"7":{"start":{"line":25,"column":16},"end":{"line":28,"column":30}},"8":{"start":{"line":30,"column":16},"end":{"line":33,"column":27}},"9":{"start":{"line":37,"column":8},"end":{"line":39,"column":21}},"10":{"start":{"line":40,"column":8},"end":{"line":53,"column":9}},"11":{"start":{"line":43,"column":12},"end":{"line":46,"column":14}},"12":{"start":{"line":47,"column":12},"end":{"line":47,"column":18}},"13":{"start":{"line":50,"column":12},"end":{"line":51,"column":33}},"14":{"start":{"line":52,"column":12},"end":{"line":52,"column":18}},"15":{"start":{"line":55,"column":8},"end":{"line":55,"column":35}},"16":{"start":{"line":61,"column":4},"end":{"line":63,"column":9}},"17":{"start":{"line":62,"column":8},"end":{"line":62,"column":15}},"18":{"start":{"line":64,"column":4},"end":{"line":77,"column":5}},"19":{"start":{"line":70,"column":8},"end":{"line":70,"column":14}},"20":{"start":{"line":76,"column":8},"end":{"line":76,"column":14}},"21":{"start":{"line":82,"column":4},"end":{"line":84,"column":9}},"22":{"start":{"line":83,"column":8},"end":{"line":83,"column":15}},"23":{"start":{"line":85,"column":4},"end":{"line":194,"column":5}},"24":{"start":{"line":91,"column":8},"end":{"line":99,"column":10}},"25":{"start":{"line":98,"column":12},"end":{"line":98,"column":35}},"26":{"start":{"line":102,"column":8},"end":{"line":104,"column":63}},"27":{"start":{"line":105,"column":8},"end":{"line":105,"column":14}},"28":{"start":{"line":112,"column":8},"end":{"line":121,"column":10},"skip":true},"29":{"start":{"line":119,"column":12},"end":{"line":119,"column":55},"skip":true},"30":{"start":{"line":120,"column":12},"end":{"line":120,"column":48},"skip":true},"31":{"start":{"line":123,"column":8},"end":{"line":136,"column":10},"skip":true},"32":{"start":{"line":130,"column":12},"end":{"line":130,"column":76},"skip":true},"33":{"start":{"line":131,"column":12},"end":{"line":131,"column":73},"skip":true},"34":{"start":{"line":132,"column":12},"end":{"line":132,"column":74},"skip":true},"35":{"start":{"line":133,"column":12},"end":{"line":133,"column":79},"skip":true},"36":{"start":{"line":134,"column":12},"end":{"line":134,"column":25},"skip":true},"37":{"start":{"line":135,"column":12},"end":{"line":135,"column":45},"skip":true},"38":{"start":{"line":138,"column":8},"end":{"line":145,"column":14},"skip":true},"39":{"start":{"line":143,"column":16},"end":{"line":143,"column":29},"skip":true},"40":{"start":{"line":144,"column":16},"end":{"line":144,"column":55},"skip":true},"41":{"start":{"line":147,"column":8},"end":{"line":156,"column":10},"skip":true},"42":{"start":{"line":154,"column":12},"end":{"line":154,"column":25},"skip":true},"43":{"start":{"line":155,"column":12},"end":{"line":155,"column":45},"skip":true},"44":{"start":{"line":158,"column":8},"end":{"line":167,"column":10},"skip":true},"45":{"start":{"line":165,"column":12},"end":{"line":165,"column":25},"skip":true},"46":{"start":{"line":166,"column":12},"end":{"line":166,"column":48},"skip":true},"47":{"start":{"line":169,"column":8},"end":{"line":178,"column":10},"skip":true},"48":{"start":{"line":176,"column":12},"end":{"line":176,"column":25},"skip":true},"49":{"start":{"line":177,"column":12},"end":{"line":177,"column":46},"skip":true},"50":{"start":{"line":180,"column":8},"end":{"line":189,"column":10},"skip":true},"51":{"start":{"line":187,"column":12},"end":{"line":187,"column":94},"skip":true},"52":{"start":{"line":188,"column":12},"end":{"line":188,"column":48},"skip":true},"53":{"start":{"line":192,"column":8},"end":{"line":192,"column":35},"skip":true},"54":{"start":{"line":193,"column":8},"end":{"line":193,"column":14},"skip":true}},"branchMap":{"1":{"line":25,"type":"binary-expr","locations":[{"start":{"line":25,"column":23},"end":{"line":25,"column":62}},{"start":{"line":26,"column":20},"end":{"line":26,"column":70}},{"start":{"line":27,"column":20},"end":{"line":27,"column":71}},{"start":{"line":28,"column":20},"end":{"line":28,"column":29}}]},"2":{"line":30,"type":"binary-expr","locations":[{"start":{"line":30,"column":23},"end":{"line":30,"column":37}},{"start":{"line":31,"column":20},"end":{"line":31,"column":61}},{"start":{"line":32,"column":20},"end":{"line":32,"column":70}},{"start":{"line":33,"column":20},"end":{"line":33,"column":26}}]},"3":{"line":37,"type":"cond-expr","locations":[{"start":{"line":38,"column":14},"end":{"line":38,"column":20}},{"start":{"line":39,"column":14},"end":{"line":39,"column":20}}]},"4":{"line":40,"type":"switch","locations":[{"start":{"line":42,"column":8},"end":{"line":47,"column":18}},{"start":{"line":49,"column":8},"end":{"line":52,"column":18}}]},"5":{"line":44,"type":"binary-expr","locations":[{"start":{"line":44,"column":16},"end":{"line":44,"column":44}},{"start":{"line":44,"column":48},"end":{"line":44,"column":66}}]},"6":{"line":50,"type":"binary-expr","locations":[{"start":{"line":50,"column":21},"end":{"line":50,"column":49}},{"start":{"line":50,"column":53},"end":{"line":50,"column":72}}]},"7":{"line":64,"type":"switch","locations":[{"start":{"line":69,"column":4},"end":{"line":70,"column":14}},{"start":{"line":75,"column":4},"end":{"line":76,"column":14}}]},"8":{"line":85,"type":"switch","locations":[{"start":{"line":90,"column":4},"end":{"line":105,"column":14}},{"start":{"line":111,"column":4},"end":{"line":193,"column":14},"skip":true}]},"9":{"line":91,"type":"binary-expr","locations":[{"start":{"line":91,"column":42},"end":{"line":91,"column":73}},{"start":{"line":91,"column":77},"end":{"line":99,"column":9}}]},"10":{"line":102,"type":"binary-expr","locations":[{"start":{"line":102,"column":18},"end":{"line":102,"column":32}},{"start":{"line":103,"column":12},"end":{"line":103,"column":53}},{"start":{"line":104,"column":12},"end":{"line":104,"column":61}}]},"11":{"line":112,"type":"binary-expr","locations":[{"start":{"line":112,"column":45},"end":{"line":112,"column":79},"skip":true},{"start":{"line":112,"column":83},"end":{"line":121,"column":9},"skip":true}]},"12":{"line":123,"type":"binary-expr","locations":[{"start":{"line":123,"column":42},"end":{"line":123,"column":73},"skip":true},{"start":{"line":123,"column":77},"end":{"line":136,"column":9},"skip":true}]},"13":{"line":138,"type":"binary-expr","locations":[{"start":{"line":138,"column":48},"end":{"line":138,"column":85},"skip":true},{"start":{"line":139,"column":12},"end":{"line":145,"column":13},"skip":true}]},"14":{"line":147,"type":"binary-expr","locations":[{"start":{"line":147,"column":42},"end":{"line":147,"column":73},"skip":true},{"start":{"line":147,"column":77},"end":{"line":156,"column":9},"skip":true}]},"15":{"line":158,"type":"binary-expr","locations":[{"start":{"line":158,"column":45},"end":{"line":158,"column":79},"skip":true},{"start":{"line":158,"column":83},"end":{"line":167,"column":9},"skip":true}]},"16":{"line":169,"type":"binary-expr","locations":[{"start":{"line":169,"column":43},"end":{"line":169,"column":75},"skip":true},{"start":{"line":169,"column":79},"end":{"line":178,"column":9},"skip":true}]},"17":{"line":180,"type":"binary-expr","locations":[{"start":{"line":180,"column":41},"end":{"line":180,"column":71},"skip":true},{"start":{"line":180,"column":75},"end":{"line":189,"column":9},"skip":true}]}},"code":["/* istanbul instrument in package npmtest_angular_route */","/*jslint","    bitwise: true,","    browser: true,","    maxerr: 8,","    maxlen: 96,","    node: true,","    nomen: true,","    regexp: true,","    stupid: true","*/","(function () {","    'use strict';","    var local;","","","","    // run shared js-env code - init-before","    (function () {","        // init local","        local = {};","        // init modeJs","        local.modeJs = (function () {","            try {","                return typeof navigator.userAgent === 'string' &&","                    typeof document.querySelector('body') === 'object' &&","                    typeof XMLHttpRequest.prototype.open === 'function' &&","                    'browser';","            } catch (errorCaughtBrowser) {","                return module.exports &&","                    typeof process.versions.node === 'string' &&","                    typeof require('http').createServer === 'function' &&","                    'node';","            }","        }());","        // init global","        local.global = local.modeJs === 'browser'","            ? window","            : global;","        switch (local.modeJs) {","        // re-init local from window.local","        case 'browser':","            local = local.global.utility2.objectSetDefault(","                local.global.utility2_rollup || local.global.local,","                local.global.utility2","            );","            break;","        // re-init local from example.js","        case 'node':","            local = (local.global.utility2_rollup || require('utility2'))","                .requireReadme();","            break;","        }","        // export local","        local.global.local = local;","    }());","","","","    // run shared js-env code - function","    (function () {","        return;","    }());","    switch (local.modeJs) {","","","","    // run browser js-env code - function","    case 'browser':","        break;","","","","    // run node js-env code - function","    case 'node':","        break;","    }","","","","    // run shared js-env code - init-after","    (function () {","        return;","    }());","    switch (local.modeJs) {","","","","    // run browser js-env code - init-after","    case 'browser':","        local.testCase_browser_nullCase = local.testCase_browser_nullCase || function (","            options,","            onError","        ) {","        /*","         * this function will test browsers's null-case handling-behavior-behavior","         */","            onError(null, options);","        };","","        // run tests","        local.nop(local.modeTest &&","            document.querySelector('#testRunButton1') &&","            document.querySelector('#testRunButton1').click());","        break;","","","","    // run node js-env code - init-after","    /* istanbul ignore next */","    case 'node':","        local.testCase_buildApidoc_default = local.testCase_buildApidoc_default || function (","            options,","            onError","        ) {","        /*","         * this function will test buildApidoc's default handling-behavior-behavior","         */","            options = { modulePathList: module.paths };","            local.buildApidoc(options, onError);","        };","","        local.testCase_buildApp_default = local.testCase_buildApp_default || function (","            options,","            onError","        ) {","        /*","         * this function will test buildApp's default handling-behavior-behavior","         */","            local.testCase_buildReadme_default(options, local.onErrorThrow);","            local.testCase_buildLib_default(options, local.onErrorThrow);","            local.testCase_buildTest_default(options, local.onErrorThrow);","            local.testCase_buildCustomOrg_default(options, local.onErrorThrow);","            options = [];","            local.buildApp(options, onError);","        };","","        local.testCase_buildCustomOrg_default = local.testCase_buildCustomOrg_default ||","            function (options, onError) {","            /*","             * this function will test buildCustomOrg's default handling-behavior","             */","                options = {};","                local.buildCustomOrg(options, onError);","            };","","        local.testCase_buildLib_default = local.testCase_buildLib_default || function (","            options,","            onError","        ) {","        /*","         * this function will test buildLib's default handling-behavior","         */","            options = {};","            local.buildLib(options, onError);","        };","","        local.testCase_buildReadme_default = local.testCase_buildReadme_default || function (","            options,","            onError","        ) {","        /*","         * this function will test buildReadme's default handling-behavior-behavior","         */","            options = {};","            local.buildReadme(options, onError);","        };","","        local.testCase_buildTest_default = local.testCase_buildTest_default || function (","            options,","            onError","        ) {","        /*","         * this function will test buildTest's default handling-behavior","         */","            options = {};","            local.buildTest(options, onError);","        };","","        local.testCase_webpage_default = local.testCase_webpage_default || function (","            options,","            onError","        ) {","        /*","         * this function will test webpage's default handling-behavior","         */","            options = { modeCoverageMerge: true, url: local.serverLocalHost + '?modeTest=1' };","            local.browserTest(options, onError);","        };","","        // run test-server","        local.testRunServer(local);","        break;","    }","}());",""],"l":{"12":2,"14":2,"19":2,"21":2,"23":2,"24":2,"25":2,"30":1,"37":2,"40":2,"43":1,"47":1,"50":1,"52":1,"55":2,"61":2,"62":2,"64":2,"70":1,"76":1,"82":2,"83":2,"85":2,"91":1,"98":1,"102":1,"105":1,"112":1,"119":1,"120":1,"123":1,"130":1,"131":1,"132":1,"133":1,"134":1,"135":1,"138":1,"143":2,"144":2,"147":1,"154":2,"155":2,"158":1,"165":2,"166":2,"169":1,"176":2,"177":2,"180":1,"187":1,"188":1,"192":1,"193":1}},"/home/travis/build/npmtest/node-npmtest-angular-route/lib.npmtest_angular_route.js":{"path":"/home/travis/build/npmtest/node-npmtest-angular-route/lib.npmtest_angular_route.js","s":{"1":2,"2":2,"3":2,"4":2,"5":2,"6":2,"7":2,"8":1,"9":2,"10":2,"11":2,"12":2,"13":1,"14":1,"15":1,"16":1},"b":{"1":[2,1,1,1],"2":[1,1,1,1],"3":[1,1],"4":[2,2],"5":[1,1]},"f":{"1":2,"2":2,"3":2},"fnMap":{"1":{"name":"(anonymous_1)","line":12,"loc":{"start":{"line":12,"column":1},"end":{"line":12,"column":13}}},"2":{"name":"(anonymous_2)","line":19,"loc":{"start":{"line":19,"column":5},"end":{"line":19,"column":17}}},"3":{"name":"(anonymous_3)","line":23,"loc":{"start":{"line":23,"column":24},"end":{"line":23,"column":36}}}},"statementMap":{"1":{"start":{"line":12,"column":0},"end":{"line":53,"column":5}},"2":{"start":{"line":14,"column":4},"end":{"line":14,"column":14}},"3":{"start":{"line":19,"column":4},"end":{"line":52,"column":9}},"4":{"start":{"line":21,"column":8},"end":{"line":21,"column":19}},"5":{"start":{"line":23,"column":8},"end":{"line":35,"column":13}},"6":{"start":{"line":24,"column":12},"end":{"line":34,"column":13}},"7":{"start":{"line":25,"column":16},"end":{"line":28,"column":30}},"8":{"start":{"line":30,"column":16},"end":{"line":33,"column":27}},"9":{"start":{"line":37,"column":8},"end":{"line":39,"column":21}},"10":{"start":{"line":41,"column":8},"end":{"line":41,"column":54}},"11":{"start":{"line":43,"column":8},"end":{"line":43,"column":58}},"12":{"start":{"line":45,"column":8},"end":{"line":51,"column":9}},"13":{"start":{"line":46,"column":12},"end":{"line":46,"column":64}},"14":{"start":{"line":48,"column":12},"end":{"line":48,"column":35}},"15":{"start":{"line":49,"column":12},"end":{"line":49,"column":49}},"16":{"start":{"line":50,"column":12},"end":{"line":50,"column":43}}},"branchMap":{"1":{"line":25,"type":"binary-expr","locations":[{"start":{"line":25,"column":23},"end":{"line":25,"column":62}},{"start":{"line":26,"column":20},"end":{"line":26,"column":70}},{"start":{"line":27,"column":20},"end":{"line":27,"column":71}},{"start":{"line":28,"column":20},"end":{"line":28,"column":29}}]},"2":{"line":30,"type":"binary-expr","locations":[{"start":{"line":30,"column":23},"end":{"line":30,"column":37}},{"start":{"line":31,"column":20},"end":{"line":31,"column":61}},{"start":{"line":32,"column":20},"end":{"line":32,"column":70}},{"start":{"line":33,"column":20},"end":{"line":33,"column":26}}]},"3":{"line":37,"type":"cond-expr","locations":[{"start":{"line":38,"column":14},"end":{"line":38,"column":20}},{"start":{"line":39,"column":14},"end":{"line":39,"column":20}}]},"4":{"line":41,"type":"binary-expr","locations":[{"start":{"line":41,"column":16},"end":{"line":41,"column":44}},{"start":{"line":41,"column":48},"end":{"line":41,"column":53}}]},"5":{"line":45,"type":"if","locations":[{"start":{"line":45,"column":8},"end":{"line":45,"column":8}},{"start":{"line":45,"column":8},"end":{"line":45,"column":8}}]}},"code":["/* istanbul instrument in package npmtest_angular_route */","/*jslint","    bitwise: true,","    browser: true,","    maxerr: 8,","    maxlen: 96,","    node: true,","    nomen: true,","    regexp: true,","    stupid: true","*/","(function () {","    'use strict';","    var local;","","","","    // run shared js-env code - init-before","    (function () {","        // init local","        local = {};","        // init modeJs","        local.modeJs = (function () {","            try {","                return typeof navigator.userAgent === 'string' &&","                    typeof document.querySelector('body') === 'object' &&","                    typeof XMLHttpRequest.prototype.open === 'function' &&","                    'browser';","            } catch (errorCaughtBrowser) {","                return module.exports &&","                    typeof process.versions.node === 'string' &&","                    typeof require('http').createServer === 'function' &&","                    'node';","            }","        }());","        // init global","        local.global = local.modeJs === 'browser'","            ? window","            : global;","        // init utility2_rollup","        local = local.global.utility2_rollup || local;","        // init lib","        local.local = local.npmtest_angular_route = local;","        // init exports","        if (local.modeJs === 'browser') {","            local.global.utility2_npmtest_angular_route = local;","        } else {","            module.exports = local;","            module.exports.__dirname = __dirname;","            module.exports.module = module;","        }","    }());","}());",""],"l":{"12":2,"14":2,"19":2,"21":2,"23":2,"24":2,"25":2,"30":1,"37":2,"41":2,"43":2,"45":2,"46":1,"48":1,"49":1,"50":1}},"/home/travis/build/npmtest/node-npmtest-angular-route/example.js":{"path":"/home/travis/build/npmtest/node-npmtest-angular-route/example.js","s":{"1":2,"2":2,"3":2,"4":2,"5":2,"6":2,"7":2,"8":1,"9":2,"10":2,"11":2,"12":2,"13":1,"14":2,"15":2,"16":2,"17":2,"18":2,"19":0,"20":2,"21":1,"22":1,"23":1,"24":1,"25":1,"26":0,"27":0,"28":1,"29":1,"30":2,"31":0,"32":0,"33":0,"34":1,"35":2,"36":2,"37":3,"38":3,"39":3,"40":3,"41":0,"42":3,"43":3,"44":3,"45":1,"46":3,"47":1,"48":1,"49":1,"50":1,"51":1,"52":1,"53":1,"54":1,"55":1,"56":1,"57":0,"58":1,"59":6,"60":6,"61":1,"62":2,"63":0,"64":2,"65":1,"66":1,"67":0,"68":0,"69":0,"70":0,"71":0,"72":0,"73":0,"74":0,"75":0,"76":0,"77":0,"78":0,"79":0,"80":0,"81":0,"82":0,"83":0},"b":{"1":[2,1,1,1],"2":[1,1,1,1],"3":[1,1],"4":[2,2],"5":[1,1],"6":[1,1],"7":[2,0],"8":[2,1,1,1,1,1],"9":[0,2,0],"10":[1,1],"11":[2,1,1],"12":[1,0],"13":[0,2],"14":[2,0,0,0,0,0,0],"15":[0,3],"16":[3,0],"17":[1,1],"18":[0,1],"19":[1,2,0,2],"20":[1,0],"21":[1,1],"22":[0,0],"23":[0,0],"24":[0,0],"25":[0,0],"26":[0,0],"27":[0,0],"28":[0,0]},"f":{"1":2,"2":2,"3":2,"4":2,"5":2,"6":2,"7":3,"8":3,"9":3,"10":1,"11":6,"12":0},"fnMap":{"1":{"name":"(anonymous_1)","line":26,"loc":{"start":{"line":26,"column":1},"end":{"line":26,"column":13}}},"2":{"name":"(anonymous_2)","line":33,"loc":{"start":{"line":33,"column":5},"end":{"line":33,"column":17}}},"3":{"name":"(anonymous_3)","line":37,"loc":{"start":{"line":37,"column":24},"end":{"line":37,"column":36}}},"4":{"name":"(anonymous_4)","line":69,"loc":{"start":{"line":69,"column":31},"end":{"line":69,"column":48}},"skip":true},"5":{"name":"(anonymous_5)","line":78,"loc":{"start":{"line":78,"column":26},"end":{"line":78,"column":45}},"skip":true},"6":{"name":"(anonymous_6)","line":123,"loc":{"start":{"line":123,"column":33},"end":{"line":123,"column":48}},"skip":true},"7":{"name":"(anonymous_7)","line":125,"loc":{"start":{"line":125,"column":27},"end":{"line":125,"column":39}},"skip":true},"8":{"name":"(anonymous_8)","line":133,"loc":{"start":{"line":133,"column":59},"end":{"line":133,"column":74}},"skip":true},"9":{"name":"(anonymous_9)","line":143,"loc":{"start":{"line":143,"column":45},"end":{"line":143,"column":62}},"skip":true},"10":{"name":"(anonymous_10)","line":144,"loc":{"start":{"line":144,"column":73},"end":{"line":144,"column":92}},"skip":true},"11":{"name":"(anonymous_11)","line":272,"loc":{"start":{"line":272,"column":51},"end":{"line":272,"column":77}},"skip":true},"12":{"name":"(anonymous_12)","line":315,"loc":{"start":{"line":315,"column":32},"end":{"line":315,"column":61}},"skip":true}},"statementMap":{"1":{"start":{"line":26,"column":0},"end":{"line":326,"column":5}},"2":{"start":{"line":28,"column":4},"end":{"line":28,"column":14}},"3":{"start":{"line":33,"column":4},"end":{"line":60,"column":9}},"4":{"start":{"line":35,"column":8},"end":{"line":35,"column":19}},"5":{"start":{"line":37,"column":8},"end":{"line":49,"column":13}},"6":{"start":{"line":38,"column":12},"end":{"line":48,"column":13}},"7":{"start":{"line":39,"column":16},"end":{"line":42,"column":30}},"8":{"start":{"line":44,"column":16},"end":{"line":47,"column":27}},"9":{"start":{"line":51,"column":8},"end":{"line":53,"column":21}},"10":{"start":{"line":55,"column":8},"end":{"line":57,"column":45}},"11":{"start":{"line":59,"column":8},"end":{"line":59,"column":35}},"12":{"start":{"line":61,"column":4},"end":{"line":325,"column":5}},"13":{"start":{"line":69,"column":8},"end":{"line":121,"column":10},"skip":true},"14":{"start":{"line":70,"column":12},"end":{"line":88,"column":13},"skip":true},"15":{"start":{"line":76,"column":16},"end":{"line":87,"column":19},"skip":true},"16":{"start":{"line":79,"column":20},"end":{"line":86,"column":21},"skip":true},"17":{"start":{"line":82,"column":24},"end":{"line":82,"column":43},"skip":true},"18":{"start":{"line":83,"column":24},"end":{"line":83,"column":30},"skip":true},"19":{"start":{"line":85,"column":24},"end":{"line":85,"column":49},"skip":true},"20":{"start":{"line":89,"column":12},"end":{"line":107,"column":13},"skip":true},"21":{"start":{"line":92,"column":16},"end":{"line":102,"column":17},"skip":true},"22":{"start":{"line":93,"column":20},"end":{"line":93,"column":86},"skip":true},"23":{"start":{"line":94,"column":20},"end":{"line":95,"column":45},"skip":true},"24":{"start":{"line":96,"column":20},"end":{"line":96,"column":42},"skip":true},"25":{"start":{"line":97,"column":20},"end":{"line":97,"column":48},"skip":true},"26":{"start":{"line":100,"column":20},"end":{"line":100,"column":85},"skip":true},"27":{"start":{"line":101,"column":20},"end":{"line":101,"column":96},"skip":true},"28":{"start":{"line":103,"column":16},"end":{"line":103,"column":22},"skip":true},"29":{"start":{"line":106,"column":16},"end":{"line":106,"column":22},"skip":true},"30":{"start":{"line":108,"column":12},"end":{"line":120,"column":13},"skip":true},"31":{"start":{"line":114,"column":16},"end":{"line":119,"column":17},"skip":true},"32":{"start":{"line":116,"column":20},"end":{"line":116,"column":78},"skip":true},"33":{"start":{"line":118,"column":20},"end":{"line":118,"column":47},"skip":true},"34":{"start":{"line":123,"column":8},"end":{"line":141,"column":11},"skip":true},"35":{"start":{"line":124,"column":12},"end":{"line":124,"column":54},"skip":true},"36":{"start":{"line":125,"column":12},"end":{"line":140,"column":14},"skip":true},"37":{"start":{"line":126,"column":16},"end":{"line":126,"column":28},"skip":true},"38":{"start":{"line":127,"column":16},"end":{"line":127,"column":69},"skip":true},"39":{"start":{"line":128,"column":16},"end":{"line":128,"column":75},"skip":true},"40":{"start":{"line":129,"column":16},"end":{"line":131,"column":17},"skip":true},"41":{"start":{"line":130,"column":20},"end":{"line":130,"column":27},"skip":true},"42":{"start":{"line":133,"column":16},"end":{"line":137,"column":36},"skip":true},"43":{"start":{"line":134,"column":20},"end":{"line":136,"column":55},"skip":true},"44":{"start":{"line":139,"column":16},"end":{"line":139,"column":57},"skip":true},"45":{"start":{"line":143,"column":8},"end":{"line":147,"column":11},"skip":true},"46":{"start":{"line":144,"column":12},"end":{"line":146,"column":15},"skip":true},"47":{"start":{"line":145,"column":16},"end":{"line":145,"column":70},"skip":true},"48":{"start":{"line":149,"column":8},"end":{"line":149,"column":31},"skip":true},"49":{"start":{"line":150,"column":8},"end":{"line":150,"column":14},"skip":true},"50":{"start":{"line":158,"column":8},"end":{"line":158,"column":31},"skip":true},"51":{"start":{"line":160,"column":8},"end":{"line":160,"column":33},"skip":true},"52":{"start":{"line":161,"column":8},"end":{"line":161,"column":37},"skip":true},"53":{"start":{"line":162,"column":8},"end":{"line":162,"column":35},"skip":true},"54":{"start":{"line":164,"column":8},"end":{"line":164,"column":50},"skip":true},"55":{"start":{"line":166,"column":8},"end":{"line":256,"column":2},"skip":true},"56":{"start":{"line":258,"column":8},"end":{"line":286,"column":9},"skip":true},"57":{"start":{"line":259,"column":12},"end":{"line":269,"column":14},"skip":true},"58":{"start":{"line":271,"column":12},"end":{"line":285,"column":19},"skip":true},"59":{"start":{"line":274,"column":20},"end":{"line":274,"column":35},"skip":true},"60":{"start":{"line":275,"column":20},"end":{"line":284,"column":21},"skip":true},"61":{"start":{"line":277,"column":24},"end":{"line":277,"column":64},"skip":true},"62":{"start":{"line":279,"column":24},"end":{"line":279,"column":40},"skip":true},"63":{"start":{"line":281,"column":24},"end":{"line":281,"column":40},"skip":true},"64":{"start":{"line":283,"column":24},"end":{"line":283,"column":39},"skip":true},"65":{"start":{"line":288,"column":8},"end":{"line":290,"column":9},"skip":true},"66":{"start":{"line":289,"column":12},"end":{"line":289,"column":18},"skip":true},"67":{"start":{"line":291,"column":8},"end":{"line":293,"column":54},"skip":true},"68":{"start":{"line":296,"column":8},"end":{"line":301,"column":37},"skip":true},"69":{"start":{"line":303,"column":8},"end":{"line":303,"column":82},"skip":true},"70":{"start":{"line":306,"column":8},"end":{"line":308,"column":9},"skip":true},"71":{"start":{"line":307,"column":12},"end":{"line":307,"column":82},"skip":true},"72":{"start":{"line":310,"column":8},"end":{"line":312,"column":9},"skip":true},"73":{"start":{"line":311,"column":12},"end":{"line":311,"column":18},"skip":true},"74":{"start":{"line":313,"column":8},"end":{"line":313,"column":54},"skip":true},"75":{"start":{"line":314,"column":8},"end":{"line":314,"column":69},"skip":true},"76":{"start":{"line":315,"column":8},"end":{"line":323,"column":36},"skip":true},"77":{"start":{"line":316,"column":12},"end":{"line":316,"column":61},"skip":true},"78":{"start":{"line":317,"column":12},"end":{"line":320,"column":13},"skip":true},"79":{"start":{"line":318,"column":16},"end":{"line":318,"column":75},"skip":true},"80":{"start":{"line":319,"column":16},"end":{"line":319,"column":23},"skip":true},"81":{"start":{"line":321,"column":12},"end":{"line":321,"column":38},"skip":true},"82":{"start":{"line":322,"column":12},"end":{"line":322,"column":27},"skip":true},"83":{"start":{"line":324,"column":8},"end":{"line":324,"column":14},"skip":true}},"branchMap":{"1":{"line":39,"type":"binary-expr","locations":[{"start":{"line":39,"column":23},"end":{"line":39,"column":62}},{"start":{"line":40,"column":20},"end":{"line":40,"column":70}},{"start":{"line":41,"column":20},"end":{"line":41,"column":71}},{"start":{"line":42,"column":20},"end":{"line":42,"column":29}}]},"2":{"line":44,"type":"binary-expr","locations":[{"start":{"line":44,"column":23},"end":{"line":44,"column":37}},{"start":{"line":45,"column":20},"end":{"line":45,"column":61}},{"start":{"line":46,"column":20},"end":{"line":46,"column":70}},{"start":{"line":47,"column":20},"end":{"line":47,"column":26}}]},"3":{"line":51,"type":"cond-expr","locations":[{"start":{"line":52,"column":14},"end":{"line":52,"column":20}},{"start":{"line":53,"column":14},"end":{"line":53,"column":20}}]},"4":{"line":55,"type":"binary-expr","locations":[{"start":{"line":55,"column":16},"end":{"line":55,"column":44}},{"start":{"line":55,"column":49},"end":{"line":57,"column":43}}]},"5":{"line":55,"type":"cond-expr","locations":[{"start":{"line":56,"column":14},"end":{"line":56,"column":57}},{"start":{"line":57,"column":14},"end":{"line":57,"column":43}}]},"6":{"line":61,"type":"switch","locations":[{"start":{"line":68,"column":4},"end":{"line":150,"column":14},"skip":true},{"start":{"line":156,"column":4},"end":{"line":324,"column":14},"skip":true}]},"7":{"line":70,"type":"if","locations":[{"start":{"line":70,"column":12},"end":{"line":70,"column":12},"skip":true},{"start":{"line":70,"column":12},"end":{"line":70,"column":12},"skip":true}]},"8":{"line":70,"type":"binary-expr","locations":[{"start":{"line":70,"column":16},"end":{"line":70,"column":22},"skip":true},{"start":{"line":70,"column":27},"end":{"line":70,"column":32},"skip":true},{"start":{"line":71,"column":20},"end":{"line":71,"column":39},"skip":true},{"start":{"line":72,"column":20},"end":{"line":72,"column":49},"skip":true},{"start":{"line":73,"column":20},"end":{"line":73,"column":58},"skip":true},{"start":{"line":74,"column":20},"end":{"line":74,"column":69},"skip":true}]},"9":{"line":79,"type":"switch","locations":[{"start":{"line":80,"column":20},"end":{"line":80,"column":33},"skip":true},{"start":{"line":81,"column":20},"end":{"line":83,"column":30},"skip":true},{"start":{"line":84,"column":20},"end":{"line":85,"column":49},"skip":true}]},"10":{"line":89,"type":"switch","locations":[{"start":{"line":90,"column":12},"end":{"line":103,"column":22},"skip":true},{"start":{"line":105,"column":12},"end":{"line":106,"column":22},"skip":true}]},"11":{"line":89,"type":"binary-expr","locations":[{"start":{"line":89,"column":20},"end":{"line":89,"column":25},"skip":true},{"start":{"line":89,"column":29},"end":{"line":89,"column":48},"skip":true},{"start":{"line":89,"column":52},"end":{"line":89,"column":74},"skip":true}]},"12":{"line":92,"type":"if","locations":[{"start":{"line":92,"column":16},"end":{"line":92,"column":16},"skip":true},{"start":{"line":92,"column":16},"end":{"line":92,"column":16},"skip":true}]},"13":{"line":108,"type":"if","locations":[{"start":{"line":108,"column":12},"end":{"line":108,"column":12},"skip":true},{"start":{"line":108,"column":12},"end":{"line":108,"column":12},"skip":true}]},"14":{"line":108,"type":"binary-expr","locations":[{"start":{"line":108,"column":16},"end":{"line":108,"column":61},"skip":true},{"start":{"line":108,"column":66},"end":{"line":108,"column":72},"skip":true},{"start":{"line":108,"column":77},"end":{"line":108,"column":82},"skip":true},{"start":{"line":109,"column":20},"end":{"line":109,"column":39},"skip":true},{"start":{"line":110,"column":20},"end":{"line":110,"column":49},"skip":true},{"start":{"line":111,"column":20},"end":{"line":111,"column":58},"skip":true},{"start":{"line":112,"column":20},"end":{"line":112,"column":68},"skip":true}]},"15":{"line":129,"type":"if","locations":[{"start":{"line":129,"column":16},"end":{"line":129,"column":16},"skip":true},{"start":{"line":129,"column":16},"end":{"line":129,"column":16},"skip":true}]},"16":{"line":134,"type":"cond-expr","locations":[{"start":{"line":135,"column":26},"end":{"line":135,"column":29},"skip":true},{"start":{"line":136,"column":26},"end":{"line":136,"column":54},"skip":true}]},"17":{"line":164,"type":"binary-expr","locations":[{"start":{"line":164,"column":27},"end":{"line":164,"column":43},"skip":true},{"start":{"line":164,"column":47},"end":{"line":164,"column":49},"skip":true}]},"18":{"line":258,"type":"if","locations":[{"start":{"line":258,"column":8},"end":{"line":258,"column":8},"skip":true},{"start":{"line":258,"column":8},"end":{"line":258,"column":8},"skip":true}]},"19":{"line":275,"type":"switch","locations":[{"start":{"line":276,"column":20},"end":{"line":277,"column":64},"skip":true},{"start":{"line":278,"column":20},"end":{"line":279,"column":40},"skip":true},{"start":{"line":280,"column":20},"end":{"line":281,"column":40},"skip":true},{"start":{"line":282,"column":20},"end":{"line":283,"column":39},"skip":true}]},"20":{"line":288,"type":"if","locations":[{"start":{"line":288,"column":8},"end":{"line":288,"column":8},"skip":true},{"start":{"line":288,"column":8},"end":{"line":288,"column":8},"skip":true}]},"21":{"line":288,"type":"binary-expr","locations":[{"start":{"line":288,"column":12},"end":{"line":288,"column":40},"skip":true},{"start":{"line":288,"column":44},"end":{"line":288,"column":67},"skip":true}]},"22":{"line":292,"type":"binary-expr","locations":[{"start":{"line":292,"column":12},"end":{"line":292,"column":50},"skip":true},{"start":{"line":293,"column":12},"end":{"line":293,"column":53},"skip":true}]},"23":{"line":297,"type":"binary-expr","locations":[{"start":{"line":297,"column":12},"end":{"line":297,"column":71},"skip":true},{"start":{"line":298,"column":12},"end":{"line":301,"column":36},"skip":true}]},"24":{"line":303,"type":"binary-expr","locations":[{"start":{"line":303,"column":43},"end":{"line":303,"column":75},"skip":true},{"start":{"line":303,"column":79},"end":{"line":303,"column":81},"skip":true}]},"25":{"line":306,"type":"if","locations":[{"start":{"line":306,"column":8},"end":{"line":306,"column":8},"skip":true},{"start":{"line":306,"column":8},"end":{"line":306,"column":8},"skip":true}]},"26":{"line":310,"type":"if","locations":[{"start":{"line":310,"column":8},"end":{"line":310,"column":8},"skip":true},{"start":{"line":310,"column":8},"end":{"line":310,"column":8},"skip":true}]},"27":{"line":313,"type":"binary-expr","locations":[{"start":{"line":313,"column":27},"end":{"line":313,"column":43},"skip":true},{"start":{"line":313,"column":47},"end":{"line":313,"column":53},"skip":true}]},"28":{"line":317,"type":"if","locations":[{"start":{"line":317,"column":12},"end":{"line":317,"column":12},"skip":true},{"start":{"line":317,"column":12},"end":{"line":317,"column":12},"skip":true}]}},"code":["/*","example.js","","quickstart example","","instruction","    1. save this script as example.js","    2. run the shell command:","        $ npm install npmtest-angular-route && PORT=8081 node example.js","    3. play with the browser-demo on http://127.0.0.1:8081","*/","","","","/* istanbul instrument in package npmtest_angular_route */","/*jslint","    bitwise: true,","    browser: true,","    maxerr: 8,","    maxlen: 96,","    node: true,","    nomen: true,","    regexp: true,","    stupid: true","*/","(function () {","    'use strict';","    var local;","","","","    // run shared js-env code - init-before","    (function () {","        // init local","        local = {};","        // init modeJs","        local.modeJs = (function () {","            try {","                return typeof navigator.userAgent === 'string' &&","                    typeof document.querySelector('body') === 'object' &&","                    typeof XMLHttpRequest.prototype.open === 'function' &&","                    'browser';","            } catch (errorCaughtBrowser) {","                return module.exports &&","                    typeof process.versions.node === 'string' &&","                    typeof require('http').createServer === 'function' &&","                    'node';","            }","        }());","        // init global","        local.global = local.modeJs === 'browser'","            ? window","            : global;","        // init utility2_rollup","        local = local.global.utility2_rollup || (local.modeJs === 'browser'","            ? local.global.utility2_npmtest_angular_route","            : global.utility2_moduleExports);","        // export local","        local.global.local = local;","    }());","    switch (local.modeJs) {","","","","    // init-after","    // run browser js-env code - init-after","    /* istanbul ignore next */","    case 'browser':","        local.testRunBrowser = function (event) {","            if (!event || (event &&","                    event.currentTarget &&","                    event.currentTarget.className &&","                    event.currentTarget.className.includes &&","                    event.currentTarget.className.includes('onreset'))) {","                // reset output","                Array.from(","                    document.querySelectorAll('body > .resettable')","                ).forEach(function (element) {","                    switch (element.tagName) {","                    case 'INPUT':","                    case 'TEXTAREA':","                        element.value = '';","                        break;","                    default:","                        element.textContent = '';","                    }","                });","            }","            switch (event && event.currentTarget && event.currentTarget.id) {","            case 'testRunButton1':","                // show tests","                if (document.querySelector('#testReportDiv1').style.display === 'none') {","                    document.querySelector('#testReportDiv1').style.display = 'block';","                    document.querySelector('#testRunButton1').textContent =","                        'hide internal test';","                    local.modeTest = true;","                    local.testRunDefault(local);","                // hide tests","                } else {","                    document.querySelector('#testReportDiv1').style.display = 'none';","                    document.querySelector('#testRunButton1').textContent = 'run internal test';","                }","                break;","            // custom-case","            default:","                break;","            }","            if (document.querySelector('#inputTextareaEval1') && (!event || (event &&","                    event.currentTarget &&","                    event.currentTarget.className &&","                    event.currentTarget.className.includes &&","                    event.currentTarget.className.includes('oneval')))) {","                // try to eval input-code","                try {","                    /*jslint evil: true*/","                    eval(document.querySelector('#inputTextareaEval1').value);","                } catch (errorCaught) {","                    console.error(errorCaught);","                }","            }","        };","        // log stderr and stdout to #outputTextareaStdout1","        ['error', 'log'].forEach(function (key) {","            console[key + '_original'] = console[key];","            console[key] = function () {","                var element;","                console[key + '_original'].apply(console, arguments);","                element = document.querySelector('#outputTextareaStdout1');","                if (!element) {","                    return;","                }","                // append text to #outputTextareaStdout1","                element.value += Array.from(arguments).map(function (arg) {","                    return typeof arg === 'string'","                        ? arg","                        : JSON.stringify(arg, null, 4);","                }).join(' ') + '\\n';","                // scroll textarea to bottom","                element.scrollTop = element.scrollHeight;","            };","        });","        // init event-handling","        ['change', 'click', 'keyup'].forEach(function (event) {","            Array.from(document.querySelectorAll('.on' + event)).forEach(function (element) {","                element.addEventListener(event, local.testRunBrowser);","            });","        });","        // run tests","        local.testRunBrowser();","        break;","","","","    // run node js-env code - init-after","    /* istanbul ignore next */","    case 'node':","        // export local","        module.exports = local;","        // require modules","        local.fs = require('fs');","        local.http = require('http');","        local.url = require('url');","        // init assets","        local.assetsDict = local.assetsDict || {};","        /* jslint-ignore-begin */","        local.assetsDict['/assets.index.template.html'] = '\\","<!doctype html>\\n\\","<html lang=\"en\">\\n\\","<head>\\n\\","<meta charset=\"UTF-8\">\\n\\","<meta name=\"viewport\" content=\"width=device-width, initial-scale=1\">\\n\\","<title>{{env.npm_package_name}} (v{{env.npm_package_version}})</title>\\n\\","<style>\\n\\","/*csslint\\n\\","    box-sizing: false,\\n\\","    universal-selector: false\\n\\","*/\\n\\","* {\\n\\","    box-sizing: border-box;\\n\\","}\\n\\","body {\\n\\","    background: #dde;\\n\\","    font-family: Arial, Helvetica, sans-serif;\\n\\","    margin: 2rem;\\n\\","}\\n\\","body > * {\\n\\","    margin-bottom: 1rem;\\n\\","}\\n\\",".utility2FooterDiv {\\n\\","    margin-top: 20px;\\n\\","    text-align: center;\\n\\","}\\n\\","</style>\\n\\","<style>\\n\\","/*csslint\\n\\","*/\\n\\","textarea {\\n\\","    font-family: monospace;\\n\\","    height: 10rem;\\n\\","    width: 100%;\\n\\","}\\n\\","textarea[readonly] {\\n\\","    background: #ddd;\\n\\","}\\n\\","</style>\\n\\","</head>\\n\\","<body>\\n\\","<!-- utility2-comment\\n\\","<div id=\"ajaxProgressDiv1\" style=\"background: #d00; height: 2px; left: 0; margin: 0; padding: 0; position: fixed; top: 0; transition: background 0.5s, width 1.5s; width: 25%;\"></div>\\n\\","utility2-comment -->\\n\\","<h1>\\n\\","<!-- utility2-comment\\n\\","    <a\\n\\","        {{#if env.npm_package_homepage}}\\n\\","        href=\"{{env.npm_package_homepage}}\"\\n\\","        {{/if env.npm_package_homepage}}\\n\\","        target=\"_blank\"\\n\\","    >\\n\\","utility2-comment -->\\n\\","        {{env.npm_package_name}} (v{{env.npm_package_version}})\\n\\","<!-- utility2-comment\\n\\","    </a>\\n\\","utility2-comment -->\\n\\","</h1>\\n\\","<h3>{{env.npm_package_description}}</h3>\\n\\","<!-- utility2-comment\\n\\","<h4><a download href=\"assets.app.js\">download standalone app</a></h4>\\n\\","<button class=\"onclick onreset\" id=\"testRunButton1\">run internal test</button><br>\\n\\","<div id=\"testReportDiv1\" style=\"display: none;\"></div>\\n\\","utility2-comment -->\\n\\","\\n\\","\\n\\","\\n\\","<label>stderr and stdout</label>\\n\\","<textarea class=\"resettable\" id=\"outputTextareaStdout1\" readonly></textarea>\\n\\","<!-- utility2-comment\\n\\","{{#if isRollup}}\\n\\","<script src=\"assets.app.js\"></script>\\n\\","{{#unless isRollup}}\\n\\","utility2-comment -->\\n\\","<script src=\"assets.utility2.rollup.js\"></script>\\n\\","<script src=\"jsonp.utility2._stateInit?callback=window.utility2._stateInit\"></script>\\n\\","<script src=\"assets.npmtest_angular_route.rollup.js\"></script>\\n\\","<script src=\"assets.example.js\"></script>\\n\\","<script src=\"assets.test.js\"></script>\\n\\","<!-- utility2-comment\\n\\","{{/if isRollup}}\\n\\","utility2-comment -->\\n\\","<div class=\"utility2FooterDiv\">\\n\\","    [ this app was created with\\n\\","    <a href=\"https://github.com/kaizhu256/node-utility2\" target=\"_blank\">utility2</a>\\n\\","    ]\\n\\","</div>\\n\\","</body>\\n\\","</html>\\n\\","';","        /* jslint-ignore-end */","        if (local.templateRender) {","            local.assetsDict['/'] = local.templateRender(","                local.assetsDict['/assets.index.template.html'],","                {","                    env: local.objectSetDefault(local.env, {","                        npm_package_description: 'the greatest app in the world!',","                        npm_package_name: 'my-app',","                        npm_package_nameAlias: 'my_app',","                        npm_package_version: '0.0.1'","                    })","                }","            );","        } else {","            local.assetsDict['/'] = local.assetsDict['/assets.index.template.html']","                .replace((/\\{\\{env\\.(\\w+?)\\}\\}/g), function (match0, match1) {","                    // jslint-hack","                    String(match0);","                    switch (match1) {","                    case 'npm_package_description':","                        return 'the greatest app in the world!';","                    case 'npm_package_name':","                        return 'my-app';","                    case 'npm_package_nameAlias':","                        return 'my_app';","                    case 'npm_package_version':","                        return '0.0.1';","                    }","                });","        }","        // run the cli","        if (local.global.utility2_rollup || module !== require.main) {","            break;","        }","        local.assetsDict['/assets.example.js'] =","            local.assetsDict['/assets.example.js'] ||","            local.fs.readFileSync(__filename, 'utf8');","        // bug-workaround - long $npm_package_buildCustomOrg","        /* jslint-ignore-begin */","        local.assetsDict['/assets.npmtest_angular_route.rollup.js'] =","            local.assetsDict['/assets.npmtest_angular_route.rollup.js'] ||","            local.fs.readFileSync(","                local.npmtest_angular_route.__dirname + '/lib.npmtest_angular_route.js',","                'utf8'","            ).replace((/^#!/), '//');","        /* jslint-ignore-end */","        local.assetsDict['/favicon.ico'] = local.assetsDict['/favicon.ico'] || '';","        // if $npm_config_timeout_exit exists,","        // then exit this process after $npm_config_timeout_exit ms","        if (Number(process.env.npm_config_timeout_exit)) {","            setTimeout(process.exit, Number(process.env.npm_config_timeout_exit));","        }","        // start server","        if (local.global.utility2_serverHttp1) {","            break;","        }","        process.env.PORT = process.env.PORT || '8081';","        console.error('server starting on port ' + process.env.PORT);","        local.http.createServer(function (request, response) {","            request.urlParsed = local.url.parse(request.url);","            if (local.assetsDict[request.urlParsed.pathname] !== undefined) {","                response.end(local.assetsDict[request.urlParsed.pathname]);","                return;","            }","            response.statusCode = 404;","            response.end();","        }).listen(process.env.PORT);","        break;","    }","}());",""],"l":{"26":2,"28":2,"33":2,"35":2,"37":2,"38":2,"39":2,"44":1,"51":2,"55":2,"59":2,"61":2,"69":1,"70":2,"76":2,"79":2,"82":2,"83":2,"85":1,"89":2,"92":1,"93":1,"94":1,"96":1,"97":1,"100":1,"101":1,"103":1,"106":1,"108":2,"114":1,"116":1,"118":1,"123":1,"124":2,"125":2,"126":3,"127":3,"128":3,"129":3,"130":1,"133":3,"134":3,"139":3,"143":1,"144":3,"145":1,"149":1,"150":1,"158":1,"160":1,"161":1,"162":1,"164":1,"166":1,"258":1,"259":1,"271":1,"274":6,"275":6,"277":1,"279":2,"281":1,"283":2,"288":1,"289":1,"291":1,"296":1,"303":1,"306":1,"307":1,"310":1,"311":1,"313":1,"314":1,"315":1,"316":1,"317":1,"318":1,"319":1,"321":1,"322":1,"324":1}},"/home/travis/build/npmtest/node-npmtest-angular-route/node_modules/angular-route/index.js":{"path":"/home/travis/build/npmtest/node-npmtest-angular-route/node_modules/angular-route/index.js","s":{"1":2,"2":0},"b":{},"f":{},"fnMap":{},"statementMap":{"1":{"start":{"line":1,"column":0},"end":{"line":1,"column":27}},"2":{"start":{"line":2,"column":0},"end":{"line":2,"column":27}}},"branchMap":{},"code":["require('./angular-route');","module.exports = 'ngRoute';",""],"l":{"1":2,"2":0}},"/home/travis/build/npmtest/node-npmtest-angular-route/node_modules/angular-route/angular-route.js":{"path":"/home/travis/build/npmtest/node-npmtest-angular-route/node_modules/angular-route/angular-route.js","s":{"1":4,"2":1,"3":0,"4":0,"5":0,"6":0,"7":0,"8":0,"9":0,"10":0,"11":0,"12":0,"13":0,"14":0,"15":0,"16":0,"17":0,"18":0,"19":0,"20":1,"21":0,"22":0,"23":0,"24":0,"25":1,"26":0,"27":0,"28":0,"29":0,"30":0,"31":0,"32":0,"33":0,"34":0,"35":0,"36":0,"37":0,"38":0,"39":0,"40":1,"41":0,"42":0,"43":0,"44":0,"45":0,"46":0,"47":0,"48":0,"49":0,"50":0,"51":0,"52":0,"53":0,"54":0,"55":0,"56":0,"57":0,"58":0,"59":0,"60":0,"61":0,"62":0,"63":0,"64":0,"65":0,"66":0,"67":0,"68":0,"69":0,"70":0,"71":0,"72":0,"73":0,"74":0,"75":0,"76":0,"77":0,"78":0,"79":1,"80":0,"81":0,"82":0,"83":0,"84":0,"85":0,"86":0,"87":0,"88":0,"89":0,"90":0,"91":0,"92":1,"93":0,"94":0,"95":0,"96":0,"97":0,"98":0,"99":0,"100":1,"101":0,"102":0,"103":0,"104":0,"105":0,"106":0,"107":0,"108":0,"109":0,"110":0,"111":0,"112":0,"113":0,"114":0,"115":0,"116":0,"117":0,"118":0,"119":0,"120":0,"121":0,"122":1,"123":0,"124":0,"125":0,"126":0,"127":0,"128":0,"129":0,"130":0,"131":0,"132":0,"133":0,"134":0,"135":0,"136":0,"137":0,"138":0,"139":0,"140":0,"141":0,"142":0,"143":1,"144":0,"145":0,"146":0,"147":0,"148":0,"149":0,"150":0,"151":0,"152":0,"153":0,"154":0,"155":0,"156":1,"157":0,"158":0,"159":0,"160":0,"161":0,"162":0,"163":0,"164":0,"165":1,"166":0,"167":0,"168":0,"169":0,"170":0,"171":0,"172":0,"173":0,"174":0,"175":0,"176":0,"177":1,"178":0,"179":0,"180":0,"181":0,"182":0,"183":0,"184":1,"185":0,"186":0,"187":0,"188":0,"189":0,"190":0,"191":0,"192":0,"193":0,"194":0,"195":0,"196":1,"197":0,"198":0,"199":0,"200":1,"201":0,"202":0,"203":0,"204":0,"205":0,"206":1,"207":0,"208":0,"209":0,"210":0,"211":1,"212":0,"213":0,"214":0,"215":0,"216":0,"217":0,"218":0,"219":0,"220":0,"221":0,"222":0,"223":0,"224":1,"225":0,"226":0,"227":0,"228":0,"229":0,"230":0,"231":0,"232":0,"233":0,"234":0,"235":0,"236":0,"237":0,"238":0,"239":0,"240":1,"241":0,"242":0,"243":0,"244":0,"245":0,"246":0,"247":0,"248":0,"249":0,"250":0,"251":0,"252":0,"253":0},"b":{"1":[0,0],"2":[0,0],"3":[0,0],"4":[0,0],"5":[0,0],"6":[0,0],"7":[0,0],"8":[0,0],"9":[0,0],"10":[0,0],"11":[0,0],"12":[0,0],"13":[0,0],"14":[0,0],"15":[0,0],"16":[0,0],"17":[0,0],"18":[0,0],"19":[0,0],"20":[0,0,0],"21":[0,0],"22":[0,0],"23":[0,0],"24":[0,0],"25":[0,0],"26":[0,0],"27":[0,0],"28":[0,0],"29":[0,0],"30":[0,0],"31":[0,0],"32":[0,0],"33":[0,0,0,0,0,0],"34":[0,0],"35":[0,0,0],"36":[0,0],"37":[0,0],"38":[0,0],"39":[0,0],"40":[0,0],"41":[0,0],"42":[0,0],"43":[0,0],"44":[0,0],"45":[0,0],"46":[0,0],"47":[0,0],"48":[0,0],"49":[0,0],"50":[0,0],"51":[0,0],"52":[0,0],"53":[0,0],"54":[0,0],"55":[0,0],"56":[0,0],"57":[0,0],"58":[0,0],"59":[0,0],"60":[0,0],"61":[0,0],"62":[0,0],"63":[0,0],"64":[0,0],"65":[0,0,0],"66":[0,0],"67":[0,0],"68":[0,0],"69":[0,0],"70":[0,0],"71":[0,0],"72":[0,0],"73":[0,0],"74":[0,0],"75":[0,0],"76":[0,0],"77":[0,0],"78":[0,0],"79":[0,0],"80":[0,0,0,0],"81":[0,0],"82":[0,0],"83":[0,0]},"f":{"1":0,"2":0,"3":0,"4":0,"5":0,"6":0,"7":0,"8":0,"9":0,"10":0,"11":0,"12":0,"13":0,"14":0,"15":0,"16":0,"17":0,"18":0,"19":0,"20":0,"21":0,"22":0,"23":0,"24":0,"25":0,"26":0,"27":0,"28":0,"29":0,"30":0,"31":0,"32":0,"33":0,"34":0,"35":0,"36":0,"37":0,"38":0,"39":0,"40":0,"41":0,"42":0,"43":0},"fnMap":{"1":{"name":"(anonymous_1)","line":6,"loc":{"start":{"line":6,"column":1},"end":{"line":6,"column":27}}},"2":{"name":"shallowCopy","line":15,"loc":{"start":{"line":15,"column":0},"end":{"line":15,"column":31}}},"3":{"name":"$RouteProvider","line":87,"loc":{"start":{"line":87,"column":0},"end":{"line":87,"column":26}}},"4":{"name":"inherit","line":93,"loc":{"start":{"line":93,"column":2},"end":{"line":93,"column":34}}},"5":{"name":"(anonymous_5)","line":238,"loc":{"start":{"line":238,"column":14},"end":{"line":238,"column":36}}},"6":{"name":"pathRegExp","line":289,"loc":{"start":{"line":289,"column":2},"end":{"line":289,"column":34}}},"7":{"name":"(anonymous_7)","line":299,"loc":{"start":{"line":299,"column":43},"end":{"line":299,"column":75}}},"8":{"name":"(anonymous_8)","line":331,"loc":{"start":{"line":331,"column":19},"end":{"line":331,"column":36}}},"9":{"name":"eagerInstantiationEnabled","line":371,"loc":{"start":{"line":371,"column":35},"end":{"line":371,"column":79}}},"10":{"name":"(anonymous_10)","line":389,"loc":{"start":{"line":389,"column":6},"end":{"line":389,"column":101}}},"11":{"name":"(anonymous_11)","line":607,"loc":{"start":{"line":607,"column":18},"end":{"line":607,"column":29}}},"12":{"name":"fakePreventDefault","line":612,"loc":{"start":{"line":612,"column":30},"end":{"line":612,"column":60}}},"13":{"name":"(anonymous_13)","line":618,"loc":{"start":{"line":618,"column":34},"end":{"line":618,"column":45}}},"14":{"name":"(anonymous_14)","line":637,"loc":{"start":{"line":637,"column":24},"end":{"line":637,"column":44}}},"15":{"name":"switchRouteMatcher","line":667,"loc":{"start":{"line":667,"column":4},"end":{"line":667,"column":43}}},"16":{"name":"prepareRoute","line":688,"loc":{"start":{"line":688,"column":4},"end":{"line":688,"column":42}}},"17":{"name":"commitRoute","line":705,"loc":{"start":{"line":705,"column":4},"end":{"line":705,"column":27}}},"18":{"name":"(anonymous_18)","line":724,"loc":{"start":{"line":724,"column":15},"end":{"line":724,"column":45}}},"19":{"name":"(anonymous_19)","line":727,"loc":{"start":{"line":727,"column":19},"end":{"line":727,"column":36}}},"20":{"name":"(anonymous_20)","line":737,"loc":{"start":{"line":737,"column":19},"end":{"line":737,"column":35}}},"21":{"name":"(anonymous_21)","line":741,"loc":{"start":{"line":741,"column":21},"end":{"line":741,"column":32}}},"22":{"name":"getRedirectionData","line":752,"loc":{"start":{"line":752,"column":4},"end":{"line":752,"column":39}}},"23":{"name":"(anonymous_23)","line":777,"loc":{"start":{"line":777,"column":17},"end":{"line":777,"column":34}}},"24":{"name":"handlePossibleRedirection","line":791,"loc":{"start":{"line":791,"column":4},"end":{"line":791,"column":45}}},"25":{"name":"resolveLocals","line":822,"loc":{"start":{"line":822,"column":4},"end":{"line":822,"column":34}}},"26":{"name":"(anonymous_26)","line":825,"loc":{"start":{"line":825,"column":32},"end":{"line":825,"column":53}}},"27":{"name":"getTemplateFor","line":838,"loc":{"start":{"line":838,"column":4},"end":{"line":838,"column":35}}},"28":{"name":"parseRoute","line":859,"loc":{"start":{"line":859,"column":4},"end":{"line":859,"column":26}}},"29":{"name":"(anonymous_29)","line":862,"loc":{"start":{"line":862,"column":30},"end":{"line":862,"column":52}}},"30":{"name":"interpolate","line":877,"loc":{"start":{"line":877,"column":4},"end":{"line":877,"column":41}}},"31":{"name":"(anonymous_31)","line":879,"loc":{"start":{"line":879,"column":49},"end":{"line":879,"column":70}}},"32":{"name":"instantiateRoute","line":896,"loc":{"start":{"line":896,"column":0},"end":{"line":896,"column":37}}},"33":{"name":"$RouteParamsProvider","line":940,"loc":{"start":{"line":940,"column":0},"end":{"line":940,"column":32}}},"34":{"name":"(anonymous_34)","line":941,"loc":{"start":{"line":941,"column":14},"end":{"line":941,"column":25}}},"35":{"name":"ngViewFactory","line":1123,"loc":{"start":{"line":1123,"column":0},"end":{"line":1123,"column":56}}},"36":{"name":"(anonymous_36)","line":1129,"loc":{"start":{"line":1129,"column":10},"end":{"line":1129,"column":61}}},"37":{"name":"cleanupLastView","line":1139,"loc":{"start":{"line":1139,"column":8},"end":{"line":1139,"column":35}}},"38":{"name":"(anonymous_38)","line":1151,"loc":{"start":{"line":1151,"column":40},"end":{"line":1151,"column":59}}},"39":{"name":"update","line":1158,"loc":{"start":{"line":1158,"column":8},"end":{"line":1158,"column":26}}},"40":{"name":"(anonymous_40)","line":1172,"loc":{"start":{"line":1172,"column":46},"end":{"line":1172,"column":62}}},"41":{"name":"onNgViewEnter","line":1173,"loc":{"start":{"line":1173,"column":75},"end":{"line":1173,"column":108}}},"42":{"name":"ngViewFillContentFactory","line":1200,"loc":{"start":{"line":1200,"column":0},"end":{"line":1200,"column":65}}},"43":{"name":"(anonymous_43)","line":1204,"loc":{"start":{"line":1204,"column":10},"end":{"line":1204,"column":36}}}},"statementMap":{"1":{"start":{"line":6,"column":0},"end":{"line":1229,"column":27}},"2":{"start":{"line":15,"column":0},"end":{"line":33,"column":1}},"3":{"start":{"line":16,"column":2},"end":{"line":30,"column":3}},"4":{"start":{"line":17,"column":4},"end":{"line":17,"column":20}},"5":{"start":{"line":19,"column":4},"end":{"line":21,"column":5}},"6":{"start":{"line":20,"column":6},"end":{"line":20,"column":22}},"7":{"start":{"line":22,"column":9},"end":{"line":30,"column":3}},"8":{"start":{"line":23,"column":4},"end":{"line":23,"column":20}},"9":{"start":{"line":25,"column":4},"end":{"line":29,"column":5}},"10":{"start":{"line":26,"column":6},"end":{"line":28,"column":7}},"11":{"start":{"line":27,"column":8},"end":{"line":27,"column":28}},"12":{"start":{"line":32,"column":2},"end":{"line":32,"column":20}},"13":{"start":{"line":39,"column":0},"end":{"line":39,"column":12}},"14":{"start":{"line":40,"column":0},"end":{"line":40,"column":13}},"15":{"start":{"line":41,"column":0},"end":{"line":41,"column":14}},"16":{"start":{"line":42,"column":0},"end":{"line":42,"column":9}},"17":{"start":{"line":60,"column":0},"end":{"line":67,"column":24}},"18":{"start":{"line":68,"column":0},"end":{"line":68,"column":47}},"19":{"start":{"line":69,"column":0},"end":{"line":69,"column":32}},"20":{"start":{"line":87,"column":0},"end":{"line":893,"column":1}},"21":{"start":{"line":88,"column":2},"end":{"line":88,"column":28}},"22":{"start":{"line":89,"column":2},"end":{"line":89,"column":30}},"23":{"start":{"line":90,"column":2},"end":{"line":90,"column":32}},"24":{"start":{"line":91,"column":2},"end":{"line":91,"column":22}},"25":{"start":{"line":93,"column":2},"end":{"line":95,"column":3}},"26":{"start":{"line":94,"column":4},"end":{"line":94,"column":56}},"27":{"start":{"line":97,"column":2},"end":{"line":97,"column":18}},"28":{"start":{"line":238,"column":2},"end":{"line":265,"column":4}},"29":{"start":{"line":240,"column":4},"end":{"line":240,"column":39}},"30":{"start":{"line":241,"column":4},"end":{"line":243,"column":5}},"31":{"start":{"line":242,"column":6},"end":{"line":242,"column":38}},"32":{"start":{"line":244,"column":4},"end":{"line":246,"column":5}},"33":{"start":{"line":245,"column":6},"end":{"line":245,"column":65}},"34":{"start":{"line":247,"column":4},"end":{"line":250,"column":6}},"35":{"start":{"line":253,"column":4},"end":{"line":262,"column":5}},"36":{"start":{"line":254,"column":6},"end":{"line":256,"column":25}},"37":{"start":{"line":258,"column":6},"end":{"line":261,"column":8}},"38":{"start":{"line":264,"column":4},"end":{"line":264,"column":16}},"39":{"start":{"line":276,"column":2},"end":{"line":276,"column":36}},"40":{"start":{"line":289,"column":2},"end":{"line":317,"column":3}},"41":{"start":{"line":290,"column":4},"end":{"line":295,"column":29}},"42":{"start":{"line":297,"column":4},"end":{"line":313,"column":35}},"43":{"start":{"line":300,"column":8},"end":{"line":300,"column":72}},"44":{"start":{"line":301,"column":8},"end":{"line":301,"column":68}},"45":{"start":{"line":302,"column":8},"end":{"line":302,"column":55}},"46":{"start":{"line":303,"column":8},"end":{"line":303,"column":28}},"47":{"start":{"line":304,"column":8},"end":{"line":311,"column":29}},"48":{"start":{"line":315,"column":4},"end":{"line":315,"column":70}},"49":{"start":{"line":316,"column":4},"end":{"line":316,"column":15}},"50":{"start":{"line":331,"column":2},"end":{"line":337,"column":4}},"51":{"start":{"line":332,"column":4},"end":{"line":334,"column":5}},"52":{"start":{"line":333,"column":6},"end":{"line":333,"column":36}},"53":{"start":{"line":335,"column":4},"end":{"line":335,"column":28}},"54":{"start":{"line":336,"column":4},"end":{"line":336,"column":16}},"55":{"start":{"line":370,"column":2},"end":{"line":370,"column":37}},"56":{"start":{"line":371,"column":2},"end":{"line":378,"column":4}},"57":{"start":{"line":372,"column":4},"end":{"line":375,"column":5}},"58":{"start":{"line":373,"column":6},"end":{"line":373,"column":44}},"59":{"start":{"line":374,"column":6},"end":{"line":374,"column":18}},"60":{"start":{"line":377,"column":4},"end":{"line":377,"column":39}},"61":{"start":{"line":381,"column":2},"end":{"line":892,"column":5}},"62":{"start":{"line":590,"column":4},"end":{"line":647,"column":10}},"63":{"start":{"line":608,"column":12},"end":{"line":608,"column":31}},"64":{"start":{"line":610,"column":12},"end":{"line":616,"column":14}},"65":{"start":{"line":613,"column":16},"end":{"line":613,"column":45}},"66":{"start":{"line":614,"column":16},"end":{"line":614,"column":36}},"67":{"start":{"line":618,"column":12},"end":{"line":621,"column":15}},"68":{"start":{"line":619,"column":14},"end":{"line":619,"column":46}},"69":{"start":{"line":620,"column":14},"end":{"line":620,"column":69}},"70":{"start":{"line":620,"column":55},"end":{"line":620,"column":69}},"71":{"start":{"line":638,"column":12},"end":{"line":645,"column":13}},"72":{"start":{"line":639,"column":14},"end":{"line":639,"column":77}},"73":{"start":{"line":640,"column":14},"end":{"line":640,"column":88}},"74":{"start":{"line":642,"column":14},"end":{"line":642,"column":42}},"75":{"start":{"line":644,"column":14},"end":{"line":644,"column":94}},"76":{"start":{"line":649,"column":4},"end":{"line":649,"column":57}},"77":{"start":{"line":650,"column":4},"end":{"line":650,"column":58}},"78":{"start":{"line":652,"column":4},"end":{"line":652,"column":18}},"79":{"start":{"line":667,"column":4},"end":{"line":686,"column":5}},"80":{"start":{"line":668,"column":6},"end":{"line":669,"column":22}},"81":{"start":{"line":671,"column":6},"end":{"line":671,"column":37}},"82":{"start":{"line":671,"column":25},"end":{"line":671,"column":37}},"83":{"start":{"line":673,"column":6},"end":{"line":673,"column":36}},"84":{"start":{"line":674,"column":6},"end":{"line":674,"column":26}},"85":{"start":{"line":674,"column":14},"end":{"line":674,"column":26}},"86":{"start":{"line":676,"column":6},"end":{"line":684,"column":7}},"87":{"start":{"line":677,"column":8},"end":{"line":677,"column":30}},"88":{"start":{"line":679,"column":8},"end":{"line":679,"column":23}},"89":{"start":{"line":681,"column":8},"end":{"line":683,"column":9}},"90":{"start":{"line":682,"column":10},"end":{"line":682,"column":33}},"91":{"start":{"line":685,"column":6},"end":{"line":685,"column":20}},"92":{"start":{"line":688,"column":4},"end":{"line":703,"column":5}},"93":{"start":{"line":689,"column":6},"end":{"line":689,"column":37}},"94":{"start":{"line":691,"column":6},"end":{"line":691,"column":35}},"95":{"start":{"line":692,"column":6},"end":{"line":694,"column":59}},"96":{"start":{"line":696,"column":6},"end":{"line":702,"column":7}},"97":{"start":{"line":697,"column":8},"end":{"line":701,"column":9}},"98":{"start":{"line":698,"column":10},"end":{"line":700,"column":11}},"99":{"start":{"line":699,"column":12},"end":{"line":699,"column":44}},"100":{"start":{"line":705,"column":4},"end":{"line":750,"column":5}},"101":{"start":{"line":706,"column":6},"end":{"line":706,"column":37}},"102":{"start":{"line":707,"column":6},"end":{"line":707,"column":36}},"103":{"start":{"line":709,"column":6},"end":{"line":749,"column":7}},"104":{"start":{"line":710,"column":8},"end":{"line":710,"column":44}},"105":{"start":{"line":711,"column":8},"end":{"line":711,"column":53}},"106":{"start":{"line":712,"column":8},"end":{"line":712,"column":57}},"107":{"start":{"line":713,"column":13},"end":{"line":749,"column":7}},"108":{"start":{"line":714,"column":8},"end":{"line":714,"column":28}},"109":{"start":{"line":715,"column":8},"end":{"line":715,"column":35}},"110":{"start":{"line":717,"column":8},"end":{"line":717,"column":53}},"111":{"start":{"line":719,"column":8},"end":{"line":719,"column":48}},"112":{"start":{"line":721,"column":8},"end":{"line":748,"column":13}},"113":{"start":{"line":725,"column":12},"end":{"line":736,"column":17}},"114":{"start":{"line":729,"column":16},"end":{"line":735,"column":17}},"115":{"start":{"line":730,"column":18},"end":{"line":733,"column":19}},"116":{"start":{"line":731,"column":20},"end":{"line":731,"column":46}},"117":{"start":{"line":732,"column":20},"end":{"line":732,"column":65}},"118":{"start":{"line":734,"column":18},"end":{"line":734,"column":85}},"119":{"start":{"line":738,"column":12},"end":{"line":740,"column":13}},"120":{"start":{"line":739,"column":14},"end":{"line":739,"column":86}},"121":{"start":{"line":747,"column":12},"end":{"line":747,"column":56}},"122":{"start":{"line":752,"column":4},"end":{"line":789,"column":5}},"123":{"start":{"line":753,"column":6},"end":{"line":756,"column":8}},"124":{"start":{"line":758,"column":6},"end":{"line":786,"column":7}},"125":{"start":{"line":759,"column":8},"end":{"line":785,"column":9}},"126":{"start":{"line":760,"column":10},"end":{"line":773,"column":11}},"127":{"start":{"line":761,"column":12},"end":{"line":761,"column":68}},"128":{"start":{"line":762,"column":12},"end":{"line":762,"column":39}},"129":{"start":{"line":763,"column":12},"end":{"line":763,"column":39}},"130":{"start":{"line":765,"column":12},"end":{"line":765,"column":43}},"131":{"start":{"line":766,"column":12},"end":{"line":766,"column":47}},"132":{"start":{"line":767,"column":12},"end":{"line":767,"column":80}},"133":{"start":{"line":769,"column":12},"end":{"line":772,"column":13}},"134":{"start":{"line":770,"column":14},"end":{"line":770,"column":32}},"135":{"start":{"line":771,"column":14},"end":{"line":771,"column":41}},"136":{"start":{"line":774,"column":15},"end":{"line":785,"column":9}},"137":{"start":{"line":775,"column":10},"end":{"line":784,"column":15}},"138":{"start":{"line":778,"column":14},"end":{"line":781,"column":15}},"139":{"start":{"line":779,"column":16},"end":{"line":779,"column":34}},"140":{"start":{"line":780,"column":16},"end":{"line":780,"column":43}},"141":{"start":{"line":783,"column":14},"end":{"line":783,"column":26}},"142":{"start":{"line":788,"column":6},"end":{"line":788,"column":18}},"143":{"start":{"line":791,"column":4},"end":{"line":820,"column":5}},"144":{"start":{"line":792,"column":6},"end":{"line":792,"column":37}},"145":{"start":{"line":794,"column":6},"end":{"line":817,"column":7}},"146":{"start":{"line":795,"column":8},"end":{"line":795,"column":36}},"147":{"start":{"line":796,"column":13},"end":{"line":817,"column":7}},"148":{"start":{"line":797,"column":8},"end":{"line":797,"column":37}},"149":{"start":{"line":798,"column":8},"end":{"line":798,"column":30}},"150":{"start":{"line":800,"column":8},"end":{"line":810,"column":9}},"151":{"start":{"line":801,"column":10},"end":{"line":803,"column":22}},"152":{"start":{"line":805,"column":10},"end":{"line":809,"column":18}},"153":{"start":{"line":812,"column":8},"end":{"line":816,"column":9}},"154":{"start":{"line":815,"column":10},"end":{"line":815,"column":38}},"155":{"start":{"line":819,"column":6},"end":{"line":819,"column":33}},"156":{"start":{"line":822,"column":4},"end":{"line":836,"column":5}},"157":{"start":{"line":823,"column":6},"end":{"line":835,"column":7}},"158":{"start":{"line":824,"column":8},"end":{"line":824,"column":55}},"159":{"start":{"line":825,"column":8},"end":{"line":829,"column":11}},"160":{"start":{"line":826,"column":10},"end":{"line":828,"column":55}},"161":{"start":{"line":830,"column":8},"end":{"line":830,"column":45}},"162":{"start":{"line":831,"column":8},"end":{"line":833,"column":9}},"163":{"start":{"line":832,"column":10},"end":{"line":832,"column":41}},"164":{"start":{"line":834,"column":8},"end":{"line":834,"column":30}},"165":{"start":{"line":838,"column":4},"end":{"line":854,"column":5}},"166":{"start":{"line":839,"column":6},"end":{"line":839,"column":32}},"167":{"start":{"line":840,"column":6},"end":{"line":852,"column":7}},"168":{"start":{"line":841,"column":8},"end":{"line":843,"column":9}},"169":{"start":{"line":842,"column":10},"end":{"line":842,"column":44}},"170":{"start":{"line":844,"column":13},"end":{"line":852,"column":7}},"171":{"start":{"line":845,"column":8},"end":{"line":847,"column":9}},"172":{"start":{"line":846,"column":10},"end":{"line":846,"column":50}},"173":{"start":{"line":848,"column":8},"end":{"line":851,"column":9}},"174":{"start":{"line":849,"column":10},"end":{"line":849,"column":62}},"175":{"start":{"line":850,"column":10},"end":{"line":850,"column":51}},"176":{"start":{"line":853,"column":6},"end":{"line":853,"column":22}},"177":{"start":{"line":859,"column":4},"end":{"line":872,"column":5}},"178":{"start":{"line":861,"column":6},"end":{"line":861,"column":24}},"179":{"start":{"line":862,"column":6},"end":{"line":869,"column":9}},"180":{"start":{"line":863,"column":8},"end":{"line":868,"column":9}},"181":{"start":{"line":864,"column":10},"end":{"line":866,"column":33}},"182":{"start":{"line":867,"column":10},"end":{"line":867,"column":32}},"183":{"start":{"line":871,"column":6},"end":{"line":871,"column":89}},"184":{"start":{"line":877,"column":4},"end":{"line":891,"column":5}},"185":{"start":{"line":878,"column":6},"end":{"line":878,"column":22}},"186":{"start":{"line":879,"column":6},"end":{"line":889,"column":9}},"187":{"start":{"line":880,"column":8},"end":{"line":888,"column":9}},"188":{"start":{"line":881,"column":10},"end":{"line":881,"column":31}},"189":{"start":{"line":883,"column":10},"end":{"line":883,"column":65}},"190":{"start":{"line":884,"column":10},"end":{"line":884,"column":36}},"191":{"start":{"line":885,"column":10},"end":{"line":885,"column":35}},"192":{"start":{"line":886,"column":10},"end":{"line":886,"column":45}},"193":{"start":{"line":887,"column":10},"end":{"line":887,"column":29}},"194":{"start":{"line":890,"column":6},"end":{"line":890,"column":29}},"195":{"start":{"line":895,"column":0},"end":{"line":895,"column":41}},"196":{"start":{"line":896,"column":0},"end":{"line":901,"column":1}},"197":{"start":{"line":897,"column":2},"end":{"line":900,"column":3}},"198":{"start":{"line":899,"column":4},"end":{"line":899,"column":28}},"199":{"start":{"line":903,"column":0},"end":{"line":903,"column":61}},"200":{"start":{"line":940,"column":0},"end":{"line":942,"column":1}},"201":{"start":{"line":941,"column":2},"end":{"line":941,"column":40}},"202":{"start":{"line":941,"column":27},"end":{"line":941,"column":37}},"203":{"start":{"line":944,"column":0},"end":{"line":944,"column":49}},"204":{"start":{"line":945,"column":0},"end":{"line":945,"column":60}},"205":{"start":{"line":1122,"column":0},"end":{"line":1122,"column":64}},"206":{"start":{"line":1123,"column":0},"end":{"line":1192,"column":1}},"207":{"start":{"line":1124,"column":2},"end":{"line":1191,"column":4}},"208":{"start":{"line":1130,"column":8},"end":{"line":1134,"column":42}},"209":{"start":{"line":1136,"column":8},"end":{"line":1136,"column":49}},"210":{"start":{"line":1137,"column":8},"end":{"line":1137,"column":17}},"211":{"start":{"line":1139,"column":8},"end":{"line":1156,"column":9}},"212":{"start":{"line":1140,"column":10},"end":{"line":1143,"column":11}},"213":{"start":{"line":1141,"column":12},"end":{"line":1141,"column":52}},"214":{"start":{"line":1142,"column":12},"end":{"line":1142,"column":42}},"215":{"start":{"line":1145,"column":10},"end":{"line":1148,"column":11}},"216":{"start":{"line":1146,"column":12},"end":{"line":1146,"column":36}},"217":{"start":{"line":1147,"column":12},"end":{"line":1147,"column":32}},"218":{"start":{"line":1149,"column":10},"end":{"line":1155,"column":11}},"219":{"start":{"line":1150,"column":12},"end":{"line":1150,"column":68}},"220":{"start":{"line":1151,"column":12},"end":{"line":1153,"column":15}},"221":{"start":{"line":1152,"column":14},"end":{"line":1152,"column":68}},"222":{"start":{"line":1152,"column":38},"end":{"line":1152,"column":68}},"223":{"start":{"line":1154,"column":12},"end":{"line":1154,"column":34}},"224":{"start":{"line":1158,"column":8},"end":{"line":1189,"column":9}},"225":{"start":{"line":1159,"column":10},"end":{"line":1160,"column":52}},"226":{"start":{"line":1162,"column":10},"end":{"line":1188,"column":11}},"227":{"start":{"line":1163,"column":12},"end":{"line":1163,"column":40}},"228":{"start":{"line":1164,"column":12},"end":{"line":1164,"column":41}},"229":{"start":{"line":1172,"column":12},"end":{"line":1180,"column":15}},"230":{"start":{"line":1173,"column":14},"end":{"line":1178,"column":17}},"231":{"start":{"line":1174,"column":16},"end":{"line":1177,"column":17}},"232":{"start":{"line":1176,"column":18},"end":{"line":1176,"column":34}},"233":{"start":{"line":1179,"column":14},"end":{"line":1179,"column":32}},"234":{"start":{"line":1182,"column":12},"end":{"line":1182,"column":35}},"235":{"start":{"line":1183,"column":12},"end":{"line":1183,"column":52}},"236":{"start":{"line":1184,"column":12},"end":{"line":1184,"column":53}},"237":{"start":{"line":1185,"column":12},"end":{"line":1185,"column":42}},"238":{"start":{"line":1187,"column":12},"end":{"line":1187,"column":30}},"239":{"start":{"line":1199,"column":0},"end":{"line":1199,"column":73}},"240":{"start":{"line":1200,"column":0},"end":{"line":1226,"column":1}},"241":{"start":{"line":1201,"column":2},"end":{"line":1225,"column":4}},"242":{"start":{"line":1205,"column":6},"end":{"line":1206,"column":34}},"243":{"start":{"line":1208,"column":6},"end":{"line":1208,"column":38}},"244":{"start":{"line":1210,"column":6},"end":{"line":1210,"column":47}},"245":{"start":{"line":1212,"column":6},"end":{"line":1220,"column":7}},"246":{"start":{"line":1213,"column":8},"end":{"line":1213,"column":30}},"247":{"start":{"line":1214,"column":8},"end":{"line":1214,"column":65}},"248":{"start":{"line":1215,"column":8},"end":{"line":1217,"column":9}},"249":{"start":{"line":1216,"column":10},"end":{"line":1216,"column":51}},"250":{"start":{"line":1218,"column":8},"end":{"line":1218,"column":61}},"251":{"start":{"line":1219,"column":8},"end":{"line":1219,"column":72}},"252":{"start":{"line":1221,"column":6},"end":{"line":1221,"column":54}},"253":{"start":{"line":1223,"column":6},"end":{"line":1223,"column":18}}},"branchMap":{"1":{"line":16,"type":"if","locations":[{"start":{"line":16,"column":2},"end":{"line":16,"column":2}},{"start":{"line":16,"column":2},"end":{"line":16,"column":2}}]},"2":{"line":17,"type":"binary-expr","locations":[{"start":{"line":17,"column":10},"end":{"line":17,"column":13}},{"start":{"line":17,"column":17},"end":{"line":17,"column":19}}]},"3":{"line":22,"type":"if","locations":[{"start":{"line":22,"column":9},"end":{"line":22,"column":9}},{"start":{"line":22,"column":9},"end":{"line":22,"column":9}}]},"4":{"line":23,"type":"binary-expr","locations":[{"start":{"line":23,"column":10},"end":{"line":23,"column":13}},{"start":{"line":23,"column":17},"end":{"line":23,"column":19}}]},"5":{"line":26,"type":"if","locations":[{"start":{"line":26,"column":6},"end":{"line":26,"column":6}},{"start":{"line":26,"column":6},"end":{"line":26,"column":6}}]},"6":{"line":26,"type":"binary-expr","locations":[{"start":{"line":26,"column":12},"end":{"line":26,"column":33}},{"start":{"line":26,"column":37},"end":{"line":26,"column":58}}]},"7":{"line":32,"type":"binary-expr","locations":[{"start":{"line":32,"column":9},"end":{"line":32,"column":12}},{"start":{"line":32,"column":16},"end":{"line":32,"column":19}}]},"8":{"line":241,"type":"if","locations":[{"start":{"line":241,"column":4},"end":{"line":241,"column":4}},{"start":{"line":241,"column":4},"end":{"line":241,"column":4}}]},"9":{"line":244,"type":"if","locations":[{"start":{"line":244,"column":4},"end":{"line":244,"column":4}},{"start":{"line":244,"column":4},"end":{"line":244,"column":4}}]},"10":{"line":249,"type":"binary-expr","locations":[{"start":{"line":249,"column":6},"end":{"line":249,"column":10}},{"start":{"line":249,"column":14},"end":{"line":249,"column":41}}]},"11":{"line":253,"type":"if","locations":[{"start":{"line":253,"column":4},"end":{"line":253,"column":4}},{"start":{"line":253,"column":4},"end":{"line":253,"column":4}}]},"12":{"line":254,"type":"cond-expr","locations":[{"start":{"line":255,"column":14},"end":{"line":255,"column":45}},{"start":{"line":256,"column":14},"end":{"line":256,"column":24}}]},"13":{"line":300,"type":"cond-expr","locations":[{"start":{"line":300,"column":61},"end":{"line":300,"column":64}},{"start":{"line":300,"column":67},"end":{"line":300,"column":71}}]},"14":{"line":300,"type":"binary-expr","locations":[{"start":{"line":300,"column":24},"end":{"line":300,"column":38}},{"start":{"line":300,"column":42},"end":{"line":300,"column":57}}]},"15":{"line":301,"type":"cond-expr","locations":[{"start":{"line":301,"column":57},"end":{"line":301,"column":60}},{"start":{"line":301,"column":63},"end":{"line":301,"column":67}}]},"16":{"line":301,"type":"binary-expr","locations":[{"start":{"line":301,"column":20},"end":{"line":301,"column":34}},{"start":{"line":301,"column":38},"end":{"line":301,"column":53}}]},"17":{"line":303,"type":"binary-expr","locations":[{"start":{"line":303,"column":16},"end":{"line":303,"column":21}},{"start":{"line":303,"column":25},"end":{"line":303,"column":27}}]},"18":{"line":305,"type":"cond-expr","locations":[{"start":{"line":305,"column":24},"end":{"line":305,"column":26}},{"start":{"line":305,"column":29}
[...]
veLocals).","              then(function(locals) {","                // after route change","                if (nextRoute === $route.current) {","                  if (nextRoute) {","                    nextRoute.locals = locals;","                    angular.copy(nextRoute.params, $routeParams);","                  }","                  $rootScope.$broadcast('$routeChangeSuccess', nextRoute, lastRoute);","                }","              });","          }).catch(function(error) {","            if (nextRoute === $route.current) {","              $rootScope.$broadcast('$routeChangeError', nextRoute, lastRoute, error);","            }","          }).finally(function() {","            // Because `commitRoute()` is called from a `$rootScope.$evalAsync` block (see","            // `$locationWatch`), this `$$completeOutstandingRequest()` call will not cause","            // `outstandingRequestCount` to hit zero.  This is important in case we are redirecting","            // to a new route which also requires some asynchronous work.","","            $browser.$$completeOutstandingRequest(noop);","          });","      }","    }","","    function getRedirectionData(route) {","      var data = {","        route: route,","        hasRedirection: false","      };","","      if (route) {","        if (route.redirectTo) {","          if (angular.isString(route.redirectTo)) {","            data.path = interpolate(route.redirectTo, route.params);","            data.search = route.params;","            data.hasRedirection = true;","          } else {","            var oldPath = $location.path();","            var oldSearch = $location.search();","            var newUrl = route.redirectTo(route.pathParams, oldPath, oldSearch);","","            if (angular.isDefined(newUrl)) {","              data.url = newUrl;","              data.hasRedirection = true;","            }","          }","        } else if (route.resolveRedirectTo) {","          return $q.","            resolve($injector.invoke(route.resolveRedirectTo)).","            then(function(newUrl) {","              if (angular.isDefined(newUrl)) {","                data.url = newUrl;","                data.hasRedirection = true;","              }","","              return data;","            });","        }","      }","","      return data;","    }","","    function handlePossibleRedirection(data) {","      var keepProcessingRoute = true;","","      if (data.route !== $route.current) {","        keepProcessingRoute = false;","      } else if (data.hasRedirection) {","        var oldUrl = $location.url();","        var newUrl = data.url;","","        if (newUrl) {","          $location.","            url(newUrl).","            replace();","        } else {","          newUrl = $location.","            path(data.path).","            search(data.search).","            replace().","            url();","        }","","        if (newUrl !== oldUrl) {","          // Exit out and don't process current next value,","          // wait for next location change from redirect","          keepProcessingRoute = false;","        }","      }","","      return keepProcessingRoute;","    }","","    function resolveLocals(route) {","      if (route) {","        var locals = angular.extend({}, route.resolve);","        angular.forEach(locals, function(value, key) {","          locals[key] = angular.isString(value) ?","              $injector.get(value) :","              $injector.invoke(value, null, null, key);","        });","        var template = getTemplateFor(route);","        if (angular.isDefined(template)) {","          locals['$template'] = template;","        }","        return $q.all(locals);","      }","    }","","    function getTemplateFor(route) {","      var template, templateUrl;","      if (angular.isDefined(template = route.template)) {","        if (angular.isFunction(template)) {","          template = template(route.params);","        }","      } else if (angular.isDefined(templateUrl = route.templateUrl)) {","        if (angular.isFunction(templateUrl)) {","          templateUrl = templateUrl(route.params);","        }","        if (angular.isDefined(templateUrl)) {","          route.loadedTemplateUrl = $sce.valueOf(templateUrl);","          template = $templateRequest(templateUrl);","        }","      }","      return template;","    }","","    /**","     * @returns {Object} the current active route, by matching it against the URL","     */","    function parseRoute() {","      // Match a route","      var params, match;","      angular.forEach(routes, function(route, path) {","        if (!match && (params = switchRouteMatcher($location.path(), route))) {","          match = inherit(route, {","            params: angular.extend({}, $location.search(), params),","            pathParams: params});","          match.$$route = route;","        }","      });","      // No route matched; fallback to \"otherwise\" route","      return match || routes[null] && inherit(routes[null], {params: {}, pathParams:{}});","    }","","    /**","     * @returns {string} interpolation of the redirect path with the parameters","     */","    function interpolate(string, params) {","      var result = [];","      angular.forEach((string || '').split(':'), function(segment, i) {","        if (i === 0) {","          result.push(segment);","        } else {","          var segmentMatch = segment.match(/(\\w+)(?:[?*])?(.*)/);","          var key = segmentMatch[1];","          result.push(params[key]);","          result.push(segmentMatch[2] || '');","          delete params[key];","        }","      });","      return result.join('');","    }","  }];","}","","instantiateRoute.$inject = ['$injector'];","function instantiateRoute($injector) {","  if (isEagerInstantiationEnabled) {","    // Instantiate `$route`","    $injector.get('$route');","  }","}","","ngRouteModule.provider('$routeParams', $RouteParamsProvider);","","","/**"," * @ngdoc service"," * @name $routeParams"," * @requires $route"," * @this"," *"," * @description"," * The `$routeParams` service allows you to retrieve the current set of route parameters."," *"," * Requires the {@link ngRoute `ngRoute`} module to be installed."," *"," * The route parameters are a combination of {@link ng.$location `$location`}'s"," * {@link ng.$location#search `search()`} and {@link ng.$location#path `path()`}."," * The `path` parameters are extracted when the {@link ngRoute.$route `$route`} path is matched."," *"," * In case of parameter name collision, `path` params take precedence over `search` params."," *"," * The service guarantees that the identity of the `$routeParams` object will remain unchanged"," * (but its properties will likely change) even when a route change occurs."," *"," * Note that the `$routeParams` are only updated *after* a route change completes successfully."," * This means that you cannot rely on `$routeParams` being correct in route resolve functions."," * Instead you can use `$route.current.params` to access the new route's parameters."," *"," * @example"," * ```js"," *  // Given:"," *  // URL: http://server.com/index.html#/Chapter/1/Section/2?search=moby"," *  // Route: /Chapter/:chapterId/Section/:sectionId"," *  //"," *  // Then"," *  $routeParams ==> {chapterId:'1', sectionId:'2', search:'moby'}"," * ```"," */","function $RouteParamsProvider() {","  this.$get = function() { return {}; };","}","","ngRouteModule.directive('ngView', ngViewFactory);","ngRouteModule.directive('ngView', ngViewFillContentFactory);","","","/**"," * @ngdoc directive"," * @name ngView"," * @restrict ECA"," *"," * @description"," * # Overview"," * `ngView` is a directive that complements the {@link ngRoute.$route $route} service by"," * including the rendered template of the current route into the main layout (`index.html`) file."," * Every time the current route changes, the included view changes with it according to the"," * configuration of the `$route` service."," *"," * Requires the {@link ngRoute `ngRoute`} module to be installed."," *"," * @animations"," * | Animation                        | Occurs                              |"," * |----------------------------------|-------------------------------------|"," * | {@link ng.$animate#enter enter}  | when the new element is inserted to the DOM |"," * | {@link ng.$animate#leave leave}  | when the old element is removed from to the DOM  |"," *"," * The enter and leave animation occur concurrently."," *"," * @scope"," * @priority 400"," * @param {string=} onload Expression to evaluate whenever the view updates."," *"," * @param {string=} autoscroll Whether `ngView` should call {@link ng.$anchorScroll"," *                  $anchorScroll} to scroll the viewport after the view is updated."," *"," *                  - If the attribute is not set, disable scrolling."," *                  - If the attribute is set without value, enable scrolling."," *                  - Otherwise enable scrolling only if the `autoscroll` attribute value evaluated"," *                    as an expression yields a truthy value."," * @example","    <example name=\"ngView-directive\" module=\"ngViewExample\"","             deps=\"angular-route.js;angular-animate.js\"","             animations=\"true\" fixBase=\"true\">","      <file name=\"index.html\">","        <div ng-controller=\"MainCtrl as main\">","          Choose:","          <a href=\"Book/Moby\">Moby</a> |","          <a href=\"Book/Moby/ch/1\">Moby: Ch1</a> |","          <a href=\"Book/Gatsby\">Gatsby</a> |","          <a href=\"Book/Gatsby/ch/4?key=value\">Gatsby: Ch4</a> |","          <a href=\"Book/Scarlet\">Scarlet Letter</a><br/>","","          <div class=\"view-animate-container\">","            <div ng-view class=\"view-animate\"></div>","          </div>","          <hr />","","          <pre>$location.path() = {{main.$location.path()}}</pre>","          <pre>$route.current.templateUrl = {{main.$route.current.templateUrl}}</pre>","          <pre>$route.current.params = {{main.$route.current.params}}</pre>","          <pre>$routeParams = {{main.$routeParams}}</pre>","        </div>","      </file>","","      <file name=\"book.html\">","        <div>","          controller: {{book.name}}<br />","          Book Id: {{book.params.bookId}}<br />","        </div>","      </file>","","      <file name=\"chapter.html\">","        <div>","          controller: {{chapter.name}}<br />","          Book Id: {{chapter.params.bookId}}<br />","          Chapter Id: {{chapter.params.chapterId}}","        </div>","      </file>","","      <file name=\"animations.css\">","        .view-animate-container {","          position:relative;","          height:100px!important;","          background:white;","          border:1px solid black;","          height:40px;","          overflow:hidden;","        }","","        .view-animate {","          padding:10px;","        }","","        .view-animate.ng-enter, .view-animate.ng-leave {","          transition:all cubic-bezier(0.250, 0.460, 0.450, 0.940) 1.5s;","","          display:block;","          width:100%;","          border-left:1px solid black;","","          position:absolute;","          top:0;","          left:0;","          right:0;","          bottom:0;","          padding:10px;","        }","","        .view-animate.ng-enter {","          left:100%;","        }","        .view-animate.ng-enter.ng-enter-active {","          left:0;","        }","        .view-animate.ng-leave.ng-leave-active {","          left:-100%;","        }","      </file>","","      <file name=\"script.js\">","        angular.module('ngViewExample', ['ngRoute', 'ngAnimate'])","          .config(['$routeProvider', '$locationProvider',","            function($routeProvider, $locationProvider) {","              $routeProvider","                .when('/Book/:bookId', {","                  templateUrl: 'book.html',","                  controller: 'BookCtrl',","                  controllerAs: 'book'","                })","                .when('/Book/:bookId/ch/:chapterId', {","                  templateUrl: 'chapter.html',","                  controller: 'ChapterCtrl',","                  controllerAs: 'chapter'","                });","","              $locationProvider.html5Mode(true);","          }])","          .controller('MainCtrl', ['$route', '$routeParams', '$location',","            function MainCtrl($route, $routeParams, $location) {","              this.$route = $route;","              this.$location = $location;","              this.$routeParams = $routeParams;","          }])","          .controller('BookCtrl', ['$routeParams', function BookCtrl($routeParams) {","            this.name = 'BookCtrl';","            this.params = $routeParams;","          }])","          .controller('ChapterCtrl', ['$routeParams', function ChapterCtrl($routeParams) {","            this.name = 'ChapterCtrl';","            this.params = $routeParams;","          }]);","","      </file>","","      <file name=\"protractor.js\" type=\"protractor\">","        it('should load and compile correct template', function() {","          element(by.linkText('Moby: Ch1')).click();","          var content = element(by.css('[ng-view]')).getText();","          expect(content).toMatch(/controller: ChapterCtrl/);","          expect(content).toMatch(/Book Id: Moby/);","          expect(content).toMatch(/Chapter Id: 1/);","","          element(by.partialLinkText('Scarlet')).click();","","          content = element(by.css('[ng-view]')).getText();","          expect(content).toMatch(/controller: BookCtrl/);","          expect(content).toMatch(/Book Id: Scarlet/);","        });","      </file>","    </example>"," */","","","/**"," * @ngdoc event"," * @name ngView#$viewContentLoaded"," * @eventType emit on the current ngView scope"," * @description"," * Emitted every time the ngView content is reloaded."," */","ngViewFactory.$inject = ['$route', '$anchorScroll', '$animate'];","function ngViewFactory($route, $anchorScroll, $animate) {","  return {","    restrict: 'ECA',","    terminal: true,","    priority: 400,","    transclude: 'element',","    link: function(scope, $element, attr, ctrl, $transclude) {","        var currentScope,","            currentElement,","            previousLeaveAnimation,","            autoScrollExp = attr.autoscroll,","            onloadExp = attr.onload || '';","","        scope.$on('$routeChangeSuccess', update);","        update();","","        function cleanupLastView() {","          if (previousLeaveAnimation) {","            $animate.cancel(previousLeaveAnimation);","            previousLeaveAnimation = null;","          }","","          if (currentScope) {","            currentScope.$destroy();","            currentScope = null;","          }","          if (currentElement) {","            previousLeaveAnimation = $animate.leave(currentElement);","            previousLeaveAnimation.done(function(response) {","              if (response !== false) previousLeaveAnimation = null;","            });","            currentElement = null;","          }","        }","","        function update() {","          var locals = $route.current && $route.current.locals,","              template = locals && locals.$template;","","          if (angular.isDefined(template)) {","            var newScope = scope.$new();","            var current = $route.current;","","            // Note: This will also link all children of ng-view that were contained in the original","            // html. If that content contains controllers, ... they could pollute/change the scope.","            // However, using ng-view on an element with additional content does not make sense...","            // Note: We can't remove them in the cloneAttchFn of $transclude as that","            // function is called before linking the content, which would apply child","            // directives to non existing elements.","            var clone = $transclude(newScope, function(clone) {","              $animate.enter(clone, null, currentElement || $element).done(function onNgViewEnter(response) {","                if (response !== false && angular.isDefined(autoScrollExp)","                  && (!autoScrollExp || scope.$eval(autoScrollExp))) {","                  $anchorScroll();","                }","              });","              cleanupLastView();","            });","","            currentElement = clone;","            currentScope = current.scope = newScope;","            currentScope.$emit('$viewContentLoaded');","            currentScope.$eval(onloadExp);","          } else {","            cleanupLastView();","          }","        }","    }","  };","}","","// This directive is called during the $transclude call of the first `ngView` directive.","// It will replace and compile the content of the element with the loaded template.","// We need this directive so that the element content is already filled when","// the link function of another directive on the same element as ngView","// is called.","ngViewFillContentFactory.$inject = ['$compile', '$controller', '$route'];","function ngViewFillContentFactory($compile, $controller, $route) {","  return {","    restrict: 'ECA',","    priority: -400,","    link: function(scope, $element) {","      var current = $route.current,","          locals = current.locals;","","      $element.html(locals.$template);","","      var link = $compile($element.contents());","","      if (current.controller) {","        locals.$scope = scope;","        var controller = $controller(current.controller, locals);","        if (current.controllerAs) {","          scope[current.controllerAs] = controller;","        }","        $element.data('$ngControllerController', controller);","        $element.children().data('$ngControllerController', controller);","      }","      scope[current.resolveAs || '$resolve'] = locals;","","      link(scope);","    }","  };","}","","","})(window, window.angular);",""],"l":{"6":4,"15":1,"16":0,"17":0,"19":0,"20":0,"22":0,"23":0,"25":0,"26":0,"27":0,"32":0,"39":0,"40":0,"41":0,"42":0,"60":0,"68":0,"69":0,"87":1,"88":0,"89":0,"90":0,"91":0,"93":1,"94":0,"97":0,"238":0,"240":0,"241":0,"242":0,"244":0,"245":0,"247":0,"253":0,"254":0,"258":0,"264":0,"276":0,"289":1,"290":0,"297":0,"300":0,"301":0,"302":0,"303":0,"304":0,"315":0,"316":0,"331":0,"332":0,"333":0,"335":0,"336":0,"370":0,"371":0,"372":0,"373":0,"374":0,"377":0,"381":0,"590":0,"608":0,"610":0,"613":0,"614":0,"618":0,"619":0,"620":0,"638":0,"639":0,"640":0,"642":0,"644":0,"649":0,"650":0,"652":0,"667":1,"668":0,"671":0,"673":0,"674":0,"676":0,"677":0,"679":0,"681":0,"682":0,"685":0,"688":1,"689":0,"691":0,"692":0,"696":0,"697":0,"698":0,"699":0,"705":1,"706":0,"707":0,"709":0,"710":0,"711":0,"712":0,"713":0,"714":0,"715":0,"717":0,"719":0,"721":0,"725":0,"729":0,"730":0,"731":0,"732":0,"734":0,"738":0,"739":0,"747":0,"752":1,"753":0,"758":0,"759":0,"760":0,"761":0,"762":0,"763":0,"765":0,"766":0,"767":0,"769":0,"770":0,"771":0,"774":0,"775":0,"778":0,"779":0,"780":0,"783":0,"788":0,"791":1,"792":0,"794":0,"795":0,"796":0,"797":0,"798":0,"800":0,"801":0,"805":0,"812":0,"815":0,"819":0,"822":1,"823":0,"824":0,"825":0,"826":0,"830":0,"831":0,"832":0,"834":0,"838":1,"839":0,"840":0,"841":0,"842":0,"844":0,"845":0,"846":0,"848":0,"849":0,"850":0,"853":0,"859":1,"861":0,"862":0,"863":0,"864":0,"867":0,"871":0,"877":1,"878":0,"879":0,"880":0,"881":0,"883":0,"884":0,"885":0,"886":0,"887":0,"890":0,"895":0,"896":1,"897":0,"899":0,"903":0,"940":1,"941":0,"944":0,"945":0,"1122":0,"1123":1,"1124":0,"1130":0,"1136":0,"1137":0,"1139":1,"1140":0,"1141":0,"1142":0,"1145":0,"1146":0,"1147":0,"1149":0,"1150":0,"1151":0,"1152":0,"1154":0,"1158":1,"1159":0,"1162":0,"1163":0,"1164":0,"1172":0,"1173":0,"1174":0,"1176":0,"1179":0,"1182":0,"1183":0,"1184":0,"1185":0,"1187":0,"1199":0,"1200":1,"1201":0,"1205":0,"1208":0,"1210":0,"1212":0,"1213":0,"1214":0,"1215":0,"1216":0,"1218":0,"1219":0,"1221":0,"1223":0}}}